2026-02-21 19:30:04,836 INFO === Email Scheduler [DRY-RUN] | 2026-02-21 ===
2026-02-21 19:30:05,167 INFO Account: matt.roberts@bloomcontent.site | day limit: 5
2026-02-21 19:30:05,168 INFO [DRY-RUN] WOULD SEND: matt.roberts@bloomcontent.site → orders@messermeister.com | quick thing for Kitchen Knife | Professional Chef Knife Set | Messermeister
2026-02-21 19:30:05,168 INFO [DRY-RUN] mutation leads:updateStatus args={'id': 'jd7589rmdrpxxtck8tfzrrxjkd81eqap', 'status': 'contacted'}
2026-02-21 19:30:05,168 INFO [DRY-RUN] WOULD SEND: matt.roberts@bloomcontent.site → hello@fellowproducts.com | quick thing for Fellow - Brew Ridiculously Good Coffee
2026-02-21 19:30:05,168 INFO [DRY-RUN] mutation leads:updateStatus args={'id': 'jd755jzb7x5kg22fhcx7w768ds81fzh8', 'status': 'contacted'}
2026-02-21 19:30:05,168 INFO [DRY-RUN] WOULD SEND: matt.roberts@bloomcontent.site → customercare.us@greenpan.com | quick thing for Ceramic Nonstick Cookware for Sustainable Cooking - GreenPan©
2026-02-21 19:30:05,168 INFO [DRY-RUN] mutation leads:updateStatus args={'id': 'jd716z61k5abg3r8sbgb7965m181fem2', 'status': 'contacted'}
2026-02-21 19:30:05,168 INFO [DRY-RUN] WOULD SEND: matt.roberts@bloomcontent.site → customercare@pehrdesigns.comFax | quick thing for Pehr | Organic Kids & Baby Clothes | Nursery & Decor | US
2026-02-21 19:30:05,168 INFO [DRY-RUN] mutation leads:updateStatus args={'id': 'jd79wmekwghww6efh1p9bk175581ev3w', 'status': 'contacted'}
2026-02-21 19:30:05,168 INFO [DRY-RUN] WOULD SEND: matt.roberts@bloomcontent.site → customerservice@spearmintLOVE.com | quick thing for SpearmintLOVE
2026-02-21 19:30:05,168 INFO [DRY-RUN] mutation leads:updateStatus args={'id': 'jd7cf9zdemgsqx7dwkfshz5knn81ev7n', 'status': 'contacted'}
2026-02-21 19:30:05,168 INFO Account: rafa@bloomcontent.site | day limit: 5
2026-02-21 19:30:05,168 INFO [DRY-RUN] WOULD SEND: rafa@bloomcontent.site → care@auratenewyork.com | quick thing for Aurate New York | Sustainable Fine Jewelry
2026-02-21 19:30:05,169 INFO [DRY-RUN] mutation leads:updateStatus args={'id': 'jd7bacsynb51gss1m10cc566jx81f6f2', 'status': 'contacted'}
2026-02-21 19:30:05,169 INFO [DRY-RUN] WOULD SEND: rafa@bloomcontent.site → order@rishi-tea.com | quick thing for Rishi Tea & Botanicals
2026-02-21 19:30:05,169 INFO [DRY-RUN] mutation leads:updateStatus args={'id': 'jd7fy1m24k59vd5w4zyaw7r4kx81eq88', 'status': 'contacted'}
2026-02-21 19:30:05,169 INFO [DRY-RUN] WOULD SEND: rafa@bloomcontent.site → press@intelligentsiacoffee.com | quick thing for Fresh Roasted Coffee | Intelligentsia | Illuminating Coffee
2026-02-21 19:30:05,169 INFO [DRY-RUN] mutation leads:updateStatus args={'id': 'jd7cnhs9bawtfqr2m0vfvmv94s81fmmj', 'status': 'contacted'}
2026-02-21 19:30:05,169 INFO [DRY-RUN] WOULD SEND: rafa@bloomcontent.site → support@elizabethsuzann.com | quick thing for Elizabeth Suzann
2026-02-21 19:30:05,169 INFO [DRY-RUN] mutation leads:updateStatus args={'id': 'jd7f9m3ay65v3m9gaw370hswn181f73t', 'status': 'contacted'}
2026-02-21 19:30:05,169 INFO [DRY-RUN] WOULD SEND: rafa@bloomcontent.site → support@tentree.com | quick thing for Tentree | Sustainable Clothing—Every Item Plants 10 Trees
2026-02-21 19:30:05,169 INFO [DRY-RUN] mutation leads:updateStatus args={'id': 'jd74y4rgzcyj187f8r5m838f5s81f076', 'status': 'contacted'}
2026-02-21 19:30:05,169 INFO === Done ===
2026-02-22 08:00:01,815 INFO === Email Scheduler | 2026-02-22 ===
2026-02-22 08:00:01,815 INFO === Email Scheduler | 2026-02-22 ===
2026-02-22 08:00:02,117 INFO Account: matt.roberts@bloomcontent.site | day limit: 5
2026-02-22 08:00:02,117 INFO Account: matt.roberts@bloomcontent.site | day limit: 5
2026-02-22 08:00:03,455 INFO SENT: matt.roberts@bloomcontent.site → hello@matrixhomefitness.com | quick thing for Matrix Fitness Usa
2026-02-22 08:00:03,455 INFO SENT: matt.roberts@bloomcontent.site → hello@matrixhomefitness.com | quick thing for Matrix Fitness Usa
2026-02-22 08:00:03,629 INFO Sleeping 21 minutes before next email...
2026-02-22 08:00:03,629 INFO Sleeping 21 minutes before next email...
2026-02-22 08:21:04,529 INFO SENT: matt.roberts@bloomcontent.site → service@powertec.com | quick thing for Powertec Epuipment
2026-02-22 08:21:04,529 INFO SENT: matt.roberts@bloomcontent.site → service@powertec.com | quick thing for Powertec Epuipment
2026-02-22 08:21:04,808 INFO Sleeping 24 minutes before next email...
2026-02-22 08:21:04,808 INFO Sleeping 24 minutes before next email...
2026-02-22 08:45:05,803 INFO SENT: matt.roberts@bloomcontent.site → hwoodward@ggfitness.com | quick thing for Ggfitnessequip
2026-02-22 08:45:05,803 INFO SENT: matt.roberts@bloomcontent.site → hwoodward@ggfitness.com | quick thing for Ggfitnessequip
2026-02-22 08:45:06,093 INFO Sleeping 17 minutes before next email...
2026-02-22 08:45:06,093 INFO Sleeping 17 minutes before next email...
2026-02-22 09:02:07,146 INFO SENT: matt.roberts@bloomcontent.site → sales@fitnesssuperstore.com | quick thing for 79Ef8B 5E
2026-02-22 09:02:07,146 INFO SENT: matt.roberts@bloomcontent.site → sales@fitnesssuperstore.com | quick thing for 79Ef8B 5E
2026-02-22 09:02:07,528 INFO Sleeping 16 minutes before next email...
2026-02-22 09:02:07,528 INFO Sleeping 16 minutes before next email...
2026-02-22 09:18:08,508 INFO SENT: matt.roberts@bloomcontent.site → sales@torquefitness.com | quick thing for Torque Prod
2026-02-22 09:18:08,508 INFO SENT: matt.roberts@bloomcontent.site → sales@torquefitness.com | quick thing for Torque Prod
2026-02-22 09:18:08,814 INFO Account: rafa@bloomcontent.site | day limit: 5
2026-02-22 09:18:08,814 INFO Account: rafa@bloomcontent.site | day limit: 5
2026-02-22 09:18:09,454 INFO SENT: rafa@bloomcontent.site → %20team@fringesport.com | quick thing for Fringesports
2026-02-22 09:18:09,454 INFO SENT: rafa@bloomcontent.site → %20team@fringesport.com | quick thing for Fringesports
2026-02-22 09:18:09,612 INFO Sleeping 19 minutes before next email...
2026-02-22 09:18:09,612 INFO Sleeping 19 minutes before next email...
2026-02-22 09:37:10,551 INFO SENT: rafa@bloomcontent.site → support@majorfitness.com | quick thing for Kjbfitness2022
2026-02-22 09:37:10,551 INFO SENT: rafa@bloomcontent.site → support@majorfitness.com | quick thing for Kjbfitness2022
2026-02-22 09:37:10,846 INFO Sleeping 20 minutes before next email...
2026-02-22 09:37:10,846 INFO Sleeping 20 minutes before next email...
2026-02-22 09:57:11,819 INFO SENT: rafa@bloomcontent.site → customersupport@ddsboston.com | quick thing for Designdelightstudio
2026-02-22 09:57:11,819 INFO SENT: rafa@bloomcontent.site → customersupport@ddsboston.com | quick thing for Designdelightstudio
2026-02-22 09:57:12,090 INFO Sleeping 25 minutes before next email...
2026-02-22 09:57:12,090 INFO Sleeping 25 minutes before next email...
2026-02-22 10:22:13,089 INFO SENT: rafa@bloomcontent.site → smccann@toadandco.com | quick thing for Toadandco
2026-02-22 10:22:13,089 INFO SENT: rafa@bloomcontent.site → smccann@toadandco.com | quick thing for Toadandco
2026-02-22 10:22:13,399 INFO Sleeping 21 minutes before next email...
2026-02-22 10:22:13,399 INFO Sleeping 21 minutes before next email...
2026-02-22 10:43:14,472 INFO SENT: rafa@bloomcontent.site → embracelife@ecoaya.com | quick thing for Ayaecofashion
2026-02-22 10:43:14,472 INFO SENT: rafa@bloomcontent.site → embracelife@ecoaya.com | quick thing for Ayaecofashion
2026-02-22 10:43:14,776 INFO === Done ===
2026-02-22 10:43:14,776 INFO === Done ===
2026-02-23 08:00:01,997 INFO === Email Scheduler | 2026-02-23 ===
2026-02-23 08:00:01,997 INFO === Email Scheduler | 2026-02-23 ===
2026-02-23 08:00:02,275 INFO Account: matt.roberts@bloomcontent.site | day limit: 5
2026-02-23 08:00:02,275 INFO Account: matt.roberts@bloomcontent.site | day limit: 5
2026-02-23 08:00:04,133 INFO SENT: matt.roberts@bloomcontent.site → sales@fitnessfactoryoutlet.com | quick thing for Fitnessfactoryoutlet
2026-02-23 08:00:04,133 INFO SENT: matt.roberts@bloomcontent.site → sales@fitnessfactoryoutlet.com | quick thing for Fitnessfactoryoutlet
/root/.openclaw/workspace/contentbloom/email-scheduler.py:211: DeprecationWarning: datetime.datetime.utcnow() is deprecated and scheduled for removal in a future version. Use timezone-aware objects to represent datetimes in UTC: datetime.datetime.now(datetime.UTC).
  now_iso = datetime.utcnow().strftime("%Y-%m-%dT%H:%M:%SZ")
2026-02-23 08:00:04,494 INFO Sleeping 24 minutes before next email...
2026-02-23 08:00:04,494 INFO Sleeping 24 minutes before next email...
2026-02-23 08:24:05,802 INFO SENT: matt.roberts@bloomcontent.site → info@valorfitness.com | quick thing for Valor Athletics Inc
2026-02-23 08:24:05,802 INFO SENT: matt.roberts@bloomcontent.site → info@valorfitness.com | quick thing for Valor Athletics Inc
2026-02-23 08:24:06,262 INFO Sleeping 23 minutes before next email...
2026-02-23 08:24:06,262 INFO Sleeping 23 minutes before next email...
2026-02-23 08:47:07,158 INFO SENT: matt.roberts@bloomcontent.site → info@maake.com | quick thing for Fashionformulauk
2026-02-23 08:47:07,158 INFO SENT: matt.roberts@bloomcontent.site → info@maake.com | quick thing for Fashionformulauk
2026-02-23 08:47:07,621 INFO Sleeping 22 minutes before next email...
2026-02-23 08:47:07,621 INFO Sleeping 22 minutes before next email...
2026-02-23 09:09:09,224 INFO SENT: matt.roberts@bloomcontent.site → customercare.na@boody.com | quick thing for Boodywearus
2026-02-23 09:09:09,224 INFO SENT: matt.roberts@bloomcontent.site → customercare.na@boody.com | quick thing for Boodywearus
2026-02-23 09:09:09,696 INFO Sleeping 19 minutes before next email...
2026-02-23 09:09:09,696 INFO Sleeping 19 minutes before next email...
2026-02-23 09:28:10,514 INFO SENT: matt.roberts@bloomcontent.site → customerservice@joffreys.com | quick thing for Joffreys Coffee And Tea Co
2026-02-23 09:28:10,514 INFO SENT: matt.roberts@bloomcontent.site → customerservice@joffreys.com | quick thing for Joffreys Coffee And Tea Co
2026-02-23 09:28:11,039 INFO Account: rafa@bloomcontent.site | day limit: 5
2026-02-23 09:28:11,039 INFO Account: rafa@bloomcontent.site | day limit: 5
2026-02-23 09:28:11,772 INFO SENT: rafa@bloomcontent.site → info@teeccino.com | quick thing for Teeccino Store
2026-02-23 09:28:11,772 INFO SENT: rafa@bloomcontent.site → info@teeccino.com | quick thing for Teeccino Store
2026-02-23 09:28:12,140 INFO Sleeping 22 minutes before next email...
2026-02-23 09:28:12,140 INFO Sleeping 22 minutes before next email...
2026-02-23 09:50:13,139 INFO SENT: rafa@bloomcontent.site → dallas@shopbabybliss.com | quick thing for Babybliss 2815
2026-02-23 09:50:13,139 INFO SENT: rafa@bloomcontent.site → dallas@shopbabybliss.com | quick thing for Babybliss 2815
2026-02-23 09:50:13,594 INFO Sleeping 23 minutes before next email...
2026-02-23 09:50:13,594 INFO Sleeping 23 minutes before next email...
2026-02-23 10:13:14,682 INFO SENT: rafa@bloomcontent.site → customercare@babydelight.com | quick thing for Jneveu
2026-02-23 10:13:14,682 INFO SENT: rafa@bloomcontent.site → customercare@babydelight.com | quick thing for Jneveu
2026-02-23 10:13:15,092 INFO Sleeping 15 minutes before next email...
2026-02-23 10:13:15,092 INFO Sleeping 15 minutes before next email...
2026-02-23 10:28:16,115 INFO SENT: rafa@bloomcontent.site → customercare@frenchgirlorganics.com | quick thing for French Girl
2026-02-23 10:28:16,115 INFO SENT: rafa@bloomcontent.site → customercare@frenchgirlorganics.com | quick thing for French Girl
2026-02-23 10:28:16,670 INFO Sleeping 20 minutes before next email...
2026-02-23 10:28:16,670 INFO Sleeping 20 minutes before next email...
2026-02-23 10:48:17,728 INFO SENT: rafa@bloomcontent.site → service@arazabeauty.com | quick thing for Araza Natural Beauty
2026-02-23 10:48:17,728 INFO SENT: rafa@bloomcontent.site → service@arazabeauty.com | quick thing for Araza Natural Beauty
2026-02-23 10:48:18,232 INFO === Done ===
2026-02-23 10:48:18,232 INFO === Done ===
2026-02-24 08:00:01,491 INFO === Email Scheduler | 2026-02-24 ===
2026-02-24 08:00:01,491 INFO === Email Scheduler | 2026-02-24 ===
2026-02-24 08:00:01,823 INFO Account: matt.roberts@bloomcontent.site | day limit: 5
2026-02-24 08:00:01,823 INFO Account: matt.roberts@bloomcontent.site | day limit: 5
2026-02-24 08:00:03,324 INFO SENT: matt.roberts@bloomcontent.site → team@giantlifting.com | quick thing for Giant Lifting
2026-02-24 08:00:03,324 INFO SENT: matt.roberts@bloomcontent.site → team@giantlifting.com | quick thing for Giant Lifting
/root/.openclaw/workspace/contentbloom/email-scheduler.py:211: DeprecationWarning: datetime.datetime.utcnow() is deprecated and scheduled for removal in a future version. Use timezone-aware objects to represent datetimes in UTC: datetime.datetime.now(datetime.UTC).
  now_iso = datetime.utcnow().strftime("%Y-%m-%dT%H:%M:%SZ")
2026-02-24 08:00:03,713 INFO Sleeping 21 minutes before next email...
2026-02-24 08:00:03,713 INFO Sleeping 21 minutes before next email...
2026-02-24 08:21:04,926 INFO SENT: matt.roberts@bloomcontent.site → shadematch@westman-atelier.com | quick thing for Westman Atelier
2026-02-24 08:21:04,926 INFO SENT: matt.roberts@bloomcontent.site → shadematch@westman-atelier.com | quick thing for Westman Atelier
2026-02-24 08:21:05,405 INFO Sleeping 23 minutes before next email...
2026-02-24 08:21:05,405 INFO Sleeping 23 minutes before next email...
2026-02-24 08:44:06,309 INFO SENT: matt.roberts@bloomcontent.site → hello@drinkchapters.com | quick thing for Coffeeandytea
2026-02-24 08:44:06,309 INFO SENT: matt.roberts@bloomcontent.site → hello@drinkchapters.com | quick thing for Coffeeandytea
2026-02-24 08:44:06,794 INFO Sleeping 16 minutes before next email...
2026-02-24 08:44:06,794 INFO Sleeping 16 minutes before next email...
2026-02-24 09:00:07,663 INFO SENT: matt.roberts@bloomcontent.site → support@gist-apps.com | quick thing for Focusedcoffee
2026-02-24 09:00:07,663 INFO SENT: matt.roberts@bloomcontent.site → support@gist-apps.com | quick thing for Focusedcoffee
2026-02-24 09:00:08,221 INFO Sleeping 16 minutes before next email...
2026-02-24 09:00:08,221 INFO Sleeping 16 minutes before next email...
2026-02-24 09:16:09,335 INFO SENT: matt.roberts@bloomcontent.site → cs@bambibaby.com | quick thing for D45Dd1 1C
2026-02-24 09:16:09,335 INFO SENT: matt.roberts@bloomcontent.site → cs@bambibaby.com | quick thing for D45Dd1 1C
2026-02-24 09:16:09,806 INFO Account: rafa@bloomcontent.site | day limit: 5
2026-02-24 09:16:09,806 INFO Account: rafa@bloomcontent.site | day limit: 5
2026-02-24 09:16:10,692 INFO SENT: rafa@bloomcontent.site → abelpetsupply@gmail.com | quick thing for Abelpetsupply
2026-02-24 09:16:10,692 INFO SENT: rafa@bloomcontent.site → abelpetsupply@gmail.com | quick thing for Abelpetsupply
2026-02-24 09:16:11,115 INFO Sleeping 25 minutes before next email...
2026-02-24 09:16:11,115 INFO Sleeping 25 minutes before next email...
2026-02-24 09:41:12,461 INFO SENT: rafa@bloomcontent.site → scapehart@alegriaaccessories.com | quick thing for Alegria Accessories Inc
2026-02-24 09:41:12,461 INFO SENT: rafa@bloomcontent.site → scapehart@alegriaaccessories.com | quick thing for Alegria Accessories Inc
2026-02-24 09:41:12,947 INFO Sleeping 19 minutes before next email...
2026-02-24 09:41:12,947 INFO Sleeping 19 minutes before next email...
2026-02-24 10:00:13,948 INFO SENT: rafa@bloomcontent.site → info@americanpetsupplies.com | quick thing for Americanpetsupplies
2026-02-24 10:00:13,948 INFO SENT: rafa@bloomcontent.site → info@americanpetsupplies.com | quick thing for Americanpetsupplies
2026-02-24 10:00:14,436 INFO Sleeping 20 minutes before next email...
2026-02-24 10:00:14,436 INFO Sleeping 20 minutes before next email...
2026-02-24 10:20:16,205 INFO SENT: rafa@bloomcontent.site → customercare@incredpets.com | quick thing for Incred Pets
2026-02-24 10:20:16,205 INFO SENT: rafa@bloomcontent.site → customercare@incredpets.com | quick thing for Incred Pets
2026-02-24 10:20:16,689 INFO Sleeping 22 minutes before next email...
2026-02-24 10:20:16,689 INFO Sleeping 22 minutes before next email...
2026-02-24 10:42:17,712 INFO SENT: rafa@bloomcontent.site → expohomedecormiami@gmail.com | quick thing for Bd1959 3
2026-02-24 10:42:17,712 INFO SENT: rafa@bloomcontent.site → expohomedecormiami@gmail.com | quick thing for Bd1959 3
2026-02-24 10:42:18,212 INFO === Done ===
2026-02-24 10:42:18,212 INFO === Done ===
2026-02-25 08:00:02,046 INFO === Email Scheduler | 2026-02-25 ===
2026-02-25 08:00:02,046 INFO === Email Scheduler | 2026-02-25 ===
2026-02-25 08:00:02,314 INFO Account: matt.roberts@bloomcontent.site | day limit: 5
2026-02-25 08:00:02,314 INFO Account: matt.roberts@bloomcontent.site | day limit: 5
2026-02-25 08:00:03,720 INFO SENT: matt.roberts@bloomcontent.site → trade-in@fitnessexchange.com | quick thing for Fitnessexchange
2026-02-25 08:00:03,720 INFO SENT: matt.roberts@bloomcontent.site → trade-in@fitnessexchange.com | quick thing for Fitnessexchange
/root/.openclaw/workspace/contentbloom/email-scheduler.py:211: DeprecationWarning: datetime.datetime.utcnow() is deprecated and scheduled for removal in a future version. Use timezone-aware objects to represent datetimes in UTC: datetime.datetime.now(datetime.UTC).
  now_iso = datetime.utcnow().strftime("%Y-%m-%dT%H:%M:%SZ")
2026-02-25 08:00:04,173 INFO Sleeping 19 minutes before next email...
2026-02-25 08:00:04,173 INFO Sleeping 19 minutes before next email...
2026-02-25 08:19:05,075 INFO SENT: matt.roberts@bloomcontent.site → support@ironbullstrength.com | quick thing for Ironbullstrengthdev
2026-02-25 08:19:05,075 INFO SENT: matt.roberts@bloomcontent.site → support@ironbullstrength.com | quick thing for Ironbullstrengthdev
2026-02-25 08:19:05,570 INFO Sleeping 24 minutes before next email...
2026-02-25 08:19:05,570 INFO Sleeping 24 minutes before next email...
2026-02-25 08:43:06,570 INFO SENT: matt.roberts@bloomcontent.site → sales@topfitness.com | quick thing for Topfitnessstore
2026-02-25 08:43:06,570 INFO SENT: matt.roberts@bloomcontent.site → sales@topfitness.com | quick thing for Topfitnessstore
2026-02-25 08:43:07,084 INFO Sleeping 23 minutes before next email...
2026-02-25 08:43:07,084 INFO Sleeping 23 minutes before next email...
2026-02-25 09:06:08,213 INFO SENT: matt.roberts@bloomcontent.site → contact@wullandoak.com | quick thing for Sustainablybb
2026-02-25 09:06:08,213 INFO SENT: matt.roberts@bloomcontent.site → contact@wullandoak.com | quick thing for Sustainablybb
2026-02-25 09:06:08,702 INFO Sleeping 18 minutes before next email...
2026-02-25 09:06:08,702 INFO Sleeping 18 minutes before next email...
2026-02-25 09:24:09,585 INFO SENT: matt.roberts@bloomcontent.site → outreach@keababies.com | quick thing for Keababies
2026-02-25 09:24:09,585 INFO SENT: matt.roberts@bloomcontent.site → outreach@keababies.com | quick thing for Keababies
2026-02-25 09:24:10,016 INFO Account: rafa@bloomcontent.site | day limit: 5
2026-02-25 09:24:10,016 INFO Account: rafa@bloomcontent.site | day limit: 5
2026-02-25 09:24:10,986 INFO SENT: rafa@bloomcontent.site → name@domain.com | quick thing for Mustelausa Dev
2026-02-25 09:24:10,986 INFO SENT: rafa@bloomcontent.site → name@domain.com | quick thing for Mustelausa Dev
2026-02-25 09:24:11,417 INFO Sleeping 16 minutes before next email...
2026-02-25 09:24:11,417 INFO Sleeping 16 minutes before next email...
2026-02-25 09:40:12,219 INFO SENT: rafa@bloomcontent.site → info@papercliplife.com | quick thing for Papercliplife Com
2026-02-25 09:40:12,219 INFO SENT: rafa@bloomcontent.site → info@papercliplife.com | quick thing for Papercliplife Com
2026-02-25 09:40:12,773 INFO Sleeping 21 minutes before next email...
2026-02-25 09:40:12,773 INFO Sleeping 21 minutes before next email...
2026-02-25 10:01:13,749 INFO SENT: rafa@bloomcontent.site → sales@southernagriculture.com | quick thing for So Ag
2026-02-25 10:01:13,749 INFO SENT: rafa@bloomcontent.site → sales@southernagriculture.com | quick thing for So Ag
2026-02-25 10:01:14,280 INFO Sleeping 19 minutes before next email...
2026-02-25 10:01:14,280 INFO Sleeping 19 minutes before next email...
2026-02-25 10:20:15,366 INFO SENT: rafa@bloomcontent.site → press@hawkinsnewyork.com | quick thing for Hawkins New York
2026-02-25 10:20:15,366 INFO SENT: rafa@bloomcontent.site → press@hawkinsnewyork.com | quick thing for Hawkins New York
2026-02-25 10:20:15,859 INFO Sleeping 15 minutes before next email...
2026-02-25 10:20:15,859 INFO Sleeping 15 minutes before next email...
2026-02-25 10:35:17,314 INFO SENT: rafa@bloomcontent.site → customercare@farmhousewares.com | quick thing for Farmhouse Wares
2026-02-25 10:35:17,314 INFO SENT: rafa@bloomcontent.site → customercare@farmhousewares.com | quick thing for Farmhouse Wares
2026-02-25 10:35:17,767 INFO === Done ===
2026-02-25 10:35:17,767 INFO === Done ===
2026-02-26 08:00:01,386 INFO === Email Scheduler | 2026-02-26 ===
2026-02-26 08:00:01,386 INFO === Email Scheduler | 2026-02-26 ===
2026-02-26 08:00:01,667 INFO Account: matt.roberts@bloomcontent.site | day limit: 5
2026-02-26 08:00:01,667 INFO Account: matt.roberts@bloomcontent.site | day limit: 5
2026-02-26 08:00:02,974 INFO SENT: matt.roberts@bloomcontent.site → support@globalfitness.com | quick thing for Gfiwebmaster
2026-02-26 08:00:02,974 INFO SENT: matt.roberts@bloomcontent.site → support@globalfitness.com | quick thing for Gfiwebmaster
/root/.openclaw/workspace/contentbloom/email-scheduler.py:211: DeprecationWarning: datetime.datetime.utcnow() is deprecated and scheduled for removal in a future version. Use timezone-aware objects to represent datetimes in UTC: datetime.datetime.now(datetime.UTC).
  now_iso = datetime.utcnow().strftime("%Y-%m-%dT%H:%M:%SZ")
2026-02-26 08:00:03,394 INFO Sleeping 18 minutes before next email...
2026-02-26 08:00:03,394 INFO Sleeping 18 minutes before next email...
2026-02-26 08:18:04,248 INFO SENT: matt.roberts@bloomcontent.site → hello@1502candleco.com | quick thing for 1502 Candle Company
2026-02-26 08:18:04,248 INFO SENT: matt.roberts@bloomcontent.site → hello@1502candleco.com | quick thing for 1502 Candle Company
2026-02-26 08:18:04,664 INFO Sleeping 20 minutes before next email...
2026-02-26 08:18:04,664 INFO Sleeping 20 minutes before next email...
2026-02-26 08:38:05,591 INFO SENT: matt.roberts@bloomcontent.site → shop@lemlem.com | quick thing for Lemlem
2026-02-26 08:38:05,591 INFO SENT: matt.roberts@bloomcontent.site → shop@lemlem.com | quick thing for Lemlem
2026-02-26 08:38:06,049 INFO Sleeping 16 minutes before next email...
2026-02-26 08:38:06,049 INFO Sleeping 16 minutes before next email...
2026-02-26 08:54:07,173 INFO SENT: matt.roberts@bloomcontent.site → sales@apcoffeetea.com | quick thing for Apcoffeetea
2026-02-26 08:54:07,173 INFO SENT: matt.roberts@bloomcontent.site → sales@apcoffeetea.com | quick thing for Apcoffeetea
2026-02-26 08:54:07,669 INFO Sleeping 24 minutes before next email...
2026-02-26 08:54:07,669 INFO Sleeping 24 minutes before next email...
2026-02-26 09:18:09,245 INFO SENT: matt.roberts@bloomcontent.site → info@mclovinspet.com | quick thing for Mclovins Pet
2026-02-26 09:18:09,245 INFO SENT: matt.roberts@bloomcontent.site → info@mclovinspet.com | quick thing for Mclovins Pet
2026-02-26 09:18:09,762 INFO Account: rafa@bloomcontent.site | day limit: 5
2026-02-26 09:18:09,762 INFO Account: rafa@bloomcontent.site | day limit: 5
2026-02-26 09:18:10,712 INFO SENT: rafa@bloomcontent.site → sales@gracehomedecor.com | quick thing for Gracehomedecor
2026-02-26 09:18:10,712 INFO SENT: rafa@bloomcontent.site → sales@gracehomedecor.com | quick thing for Gracehomedecor
2026-02-26 09:18:11,106 INFO Sleeping 17 minutes before next email...
2026-02-26 09:18:11,106 INFO Sleeping 17 minutes before next email...
2026-02-26 09:35:11,974 INFO SENT: rafa@bloomcontent.site → kjewelrya@gmail.com | quick thing for Kjewelryaccessories
2026-02-26 09:35:11,974 INFO SENT: rafa@bloomcontent.site → kjewelrya@gmail.com | quick thing for Kjewelryaccessories
2026-02-26 09:35:12,431 INFO Sleeping 23 minutes before next email...
2026-02-26 09:35:12,431 INFO Sleeping 23 minutes before next email...
2026-02-26 09:58:13,412 INFO SENT: rafa@bloomcontent.site → sales@chefstoys.com | quick thing for Chefstoys Shop
2026-02-26 09:58:13,412 INFO SENT: rafa@bloomcontent.site → sales@chefstoys.com | quick thing for Chefstoys Shop
2026-02-26 09:58:13,921 INFO Sleeping 25 minutes before next email...
2026-02-26 09:58:13,921 INFO Sleeping 25 minutes before next email...
2026-02-26 10:23:14,988 INFO SENT: rafa@bloomcontent.site → debbie@debsjewelryshop.com | quick thing for Debbiesjewelryshop
2026-02-26 10:23:14,988 INFO SENT: rafa@bloomcontent.site → debbie@debsjewelryshop.com | quick thing for Debbiesjewelryshop
2026-02-26 10:23:15,486 INFO Sleeping 20 minutes before next email...
2026-02-26 10:23:15,486 INFO Sleeping 20 minutes before next email...
2026-02-26 10:43:16,379 INFO SENT: rafa@bloomcontent.site → info@prepara.com | quick thing for Prepara
2026-02-26 10:43:16,379 INFO SENT: rafa@bloomcontent.site → info@prepara.com | quick thing for Prepara
2026-02-26 10:43:16,810 INFO === Done ===
2026-02-26 10:43:16,810 INFO === Done ===
2026-02-26 19:10:52,864 INFO === Email Scheduler [DRY-RUN] | 2026-02-26 ===
2026-02-26 19:10:52,864 INFO --- Processing cold emails ---
2026-02-26 19:10:53,010 INFO Account: matt.roberts@bloomcontent.site | day limit: 5
2026-02-26 19:10:53,010 INFO [DRY-RUN] WOULD SEND: matt.roberts@bloomcontent.site → ecom-swiper@11.css | quick thing for Aniise Natural Skin Care and Cosmetics
2026-02-26 19:10:53,011 INFO [DRY-RUN] mutation leads:updateLeadEmailStatus args={'id': 'jd734gqh3zh488z77gx7zjs0zh81xqyx', 'status': 'contacted', 'lastEmailDate': '2026-02-26T19:10:53Z', 'followUpCount': 0}
2026-02-26 19:10:53,011 INFO [DRY-RUN] mutation leads:updateStatus args={'id': 'jd734gqh3zh488z77gx7zjs0zh81xqyx', 'status': 'contacted', 'lastContact': '2026-02-26T19:10:53Z'}
2026-02-26 19:10:53,011 INFO [DRY-RUN] mutation outreachLog:add args={'leadId': 'jd734gqh3zh488z77gx7zjs0zh81xqyx', 'type': 'cold', 'email': 'ecom-swiper@11.css', 'subject': 'quick thing for Aniise Natural Skin Care and Cosmetics', 'status': 'sent', 'sentAt': '2026-02-26T19:10:53Z'}
2026-02-26 19:10:53,011 INFO [DRY-RUN] WOULD SEND: matt.roberts@bloomcontent.site → nudebrownsugar@gmail.com | quick thing for Nude Brown Sugar
2026-02-26 19:10:53,011 INFO [DRY-RUN] mutation leads:updateLeadEmailStatus args={'id': 'jd70ad63z9jr86cv55pqra95k581xps6', 'status': 'contacted', 'lastEmailDate': '2026-02-26T19:10:53Z', 'followUpCount': 0}
2026-02-26 19:10:53,011 INFO [DRY-RUN] mutation leads:updateStatus args={'id': 'jd70ad63z9jr86cv55pqra95k581xps6', 'status': 'contacted', 'lastContact': '2026-02-26T19:10:53Z'}
2026-02-26 19:10:53,011 INFO [DRY-RUN] mutation outreachLog:add args={'leadId': 'jd70ad63z9jr86cv55pqra95k581xps6', 'type': 'cold', 'email': 'nudebrownsugar@gmail.com', 'subject': 'quick thing for Nude Brown Sugar', 'status': 'sent', 'sentAt': '2026-02-26T19:10:53Z'}
2026-02-26 19:10:53,011 INFO [DRY-RUN] WOULD SEND: matt.roberts@bloomcontent.site → hello@franzskincareusa.com | quick thing for Franz Skincare USA
2026-02-26 19:10:53,011 INFO [DRY-RUN] mutation leads:updateLeadEmailStatus args={'id': 'jd71zhjtqm4a9pfwcnpjffn4n981xmb4', 'status': 'contacted', 'lastEmailDate': '2026-02-26T19:10:53Z', 'followUpCount': 0}
2026-02-26 19:10:53,011 INFO [DRY-RUN] mutation leads:updateStatus args={'id': 'jd71zhjtqm4a9pfwcnpjffn4n981xmb4', 'status': 'contacted', 'lastContact': '2026-02-26T19:10:53Z'}
2026-02-26 19:10:53,011 INFO [DRY-RUN] mutation outreachLog:add args={'leadId': 'jd71zhjtqm4a9pfwcnpjffn4n981xmb4', 'type': 'cold', 'email': 'hello@franzskincareusa.com', 'subject': 'quick thing for Franz Skincare USA', 'status': 'sent', 'sentAt': '2026-02-26T19:10:53Z'}
2026-02-26 19:10:53,011 INFO [DRY-RUN] WOULD SEND: matt.roberts@bloomcontent.site → smkoreabeauty@gmail.com | quick thing for SM Korea Beauty
2026-02-26 19:10:53,011 INFO [DRY-RUN] mutation leads:updateLeadEmailStatus args={'id': 'jd70aqja8zkadsxvecy7jsb14s81x19z', 'status': 'contacted', 'lastEmailDate': '2026-02-26T19:10:53Z', 'followUpCount': 0}
2026-02-26 19:10:53,011 INFO [DRY-RUN] mutation leads:updateStatus args={'id': 'jd70aqja8zkadsxvecy7jsb14s81x19z', 'status': 'contacted', 'lastContact': '2026-02-26T19:10:53Z'}
2026-02-26 19:10:53,011 INFO [DRY-RUN] mutation outreachLog:add args={'leadId': 'jd70aqja8zkadsxvecy7jsb14s81x19z', 'type': 'cold', 'email': 'smkoreabeauty@gmail.com', 'subject': 'quick thing for SM Korea Beauty', 'status': 'sent', 'sentAt': '2026-02-26T19:10:53Z'}
2026-02-26 19:10:53,011 INFO [DRY-RUN] WOULD SEND: matt.roberts@bloomcontent.site → aapecs_us@bape.com | quick thing for AAPE STORE LOS ANGELES
2026-02-26 19:10:53,011 INFO [DRY-RUN] mutation leads:updateLeadEmailStatus args={'id': 'jd73h58k4q4hdaefch7nbtf1y581wvpj', 'status': 'contacted', 'lastEmailDate': '2026-02-26T19:10:53Z', 'followUpCount': 0}
2026-02-26 19:10:53,011 INFO [DRY-RUN] mutation leads:updateStatus args={'id': 'jd73h58k4q4hdaefch7nbtf1y581wvpj', 'status': 'contacted', 'lastContact': '2026-02-26T19:10:53Z'}
2026-02-26 19:10:53,012 INFO [DRY-RUN] mutation outreachLog:add args={'leadId': 'jd73h58k4q4hdaefch7nbtf1y581wvpj', 'type': 'cold', 'email': 'aapecs_us@bape.com', 'subject': 'quick thing for AAPE STORE LOS ANGELES', 'status': 'sent', 'sentAt': '2026-02-26T19:10:53Z'}
2026-02-26 19:10:53,012 INFO Account: rafa@bloomcontent.site | day limit: 5
2026-02-26 19:10:53,012 INFO [DRY-RUN] WOULD SEND: rafa@bloomcontent.site → palacebeautymetro@gmail.com | quick thing for PalaceBeautyMetro
2026-02-26 19:10:53,012 INFO [DRY-RUN] mutation leads:updateLeadEmailStatus args={'id': 'jd7fh88f538ntgpvgx8h1f37y581wsg7', 'status': 'contacted', 'lastEmailDate': '2026-02-26T19:10:53Z', 'followUpCount': 0}
2026-02-26 19:10:53,012 INFO [DRY-RUN] mutation leads:updateStatus args={'id': 'jd7fh88f538ntgpvgx8h1f37y581wsg7', 'status': 'contacted', 'lastContact': '2026-02-26T19:10:53Z'}
2026-02-26 19:10:53,012 INFO [DRY-RUN] mutation outreachLog:add args={'leadId': 'jd7fh88f538ntgpvgx8h1f37y581wsg7', 'type': 'cold', 'email': 'palacebeautymetro@gmail.com', 'subject': 'quick thing for PalaceBeautyMetro', 'status': 'sent', 'sentAt': '2026-02-26T19:10:53Z'}
2026-02-26 19:10:53,012 INFO [DRY-RUN] WOULD SEND: rafa@bloomcontent.site → info@thethingswedo.co | quick thing for The Things We Do
2026-02-26 19:10:53,012 INFO [DRY-RUN] mutation leads:updateLeadEmailStatus args={'id': 'jd79s4rhv4wyadr03tzhrmhm9d81x1tq', 'status': 'contacted', 'lastEmailDate': '2026-02-26T19:10:53Z', 'followUpCount': 0}
2026-02-26 19:10:53,012 INFO [DRY-RUN] mutation leads:updateStatus args={'id': 'jd79s4rhv4wyadr03tzhrmhm9d81x1tq', 'status': 'contacted', 'lastContact': '2026-02-26T19:10:53Z'}
2026-02-26 19:10:53,012 INFO [DRY-RUN] mutation outreachLog:add args={'leadId': 'jd79s4rhv4wyadr03tzhrmhm9d81x1tq', 'type': 'cold', 'email': 'info@thethingswedo.co', 'subject': 'quick thing for The Things We Do', 'status': 'sent', 'sentAt': '2026-02-26T19:10:53Z'}
2026-02-26 19:10:53,012 INFO [DRY-RUN] WOULD SEND: rafa@bloomcontent.site → hello@heydayskincare.com | quick thing for Heyday Skincare Silver Lake
2026-02-26 19:10:53,012 INFO [DRY-RUN] mutation leads:updateLeadEmailStatus args={'id': 'jd7b92qdmh9v50bs1ryk8hgqvx81xp31', 'status': 'contacted', 'lastEmailDate': '2026-02-26T19:10:53Z', 'followUpCount': 0}
2026-02-26 19:10:53,012 INFO [DRY-RUN] mutation leads:updateStatus args={'id': 'jd7b92qdmh9v50bs1ryk8hgqvx81xp31', 'status': 'contacted', 'lastContact': '2026-02-26T19:10:53Z'}
2026-02-26 19:10:53,012 INFO [DRY-RUN] mutation outreachLog:add args={'leadId': 'jd7b92qdmh9v50bs1ryk8hgqvx81xp31', 'type': 'cold', 'email': 'hello@heydayskincare.com', 'subject': 'quick thing for Heyday Skincare Silver Lake', 'status': 'sent', 'sentAt': '2026-02-26T19:10:53Z'}
2026-02-26 19:10:53,012 INFO [DRY-RUN] WOULD SEND: rafa@bloomcontent.site → madpenguinskincare@gmail.com | quick thing for MadPenguin Skincare
2026-02-26 19:10:53,012 INFO [DRY-RUN] mutation leads:updateLeadEmailStatus args={'id': 'jd7ebbgd1x07nh1d691eryk98x81wcvs', 'status': 'contacted', 'lastEmailDate': '2026-02-26T19:10:53Z', 'followUpCount': 0}
2026-02-26 19:10:53,012 INFO [DRY-RUN] mutation leads:updateStatus args={'id': 'jd7ebbgd1x07nh1d691eryk98x81wcvs', 'status': 'contacted', 'lastContact': '2026-02-26T19:10:53Z'}
2026-02-26 19:10:53,012 INFO [DRY-RUN] mutation outreachLog:add args={'leadId': 'jd7ebbgd1x07nh1d691eryk98x81wcvs', 'type': 'cold', 'email': 'madpenguinskincare@gmail.com', 'subject': 'quick thing for MadPenguin Skincare', 'status': 'sent', 'sentAt': '2026-02-26T19:10:53Z'}
2026-02-26 19:10:53,012 INFO [DRY-RUN] WOULD SEND: rafa@bloomcontent.site → support@foresthomesstore.com | quick thing for Forest Homes
2026-02-26 19:10:53,012 INFO [DRY-RUN] mutation leads:updateLeadEmailStatus args={'id': 'jd734w8av7f31zjcxv0158m6dd81pz9y', 'status': 'contacted', 'lastEmailDate': '2026-02-26T19:10:53Z', 'followUpCount': 0}
2026-02-26 19:10:53,012 INFO [DRY-RUN] mutation leads:updateStatus args={'id': 'jd734w8av7f31zjcxv0158m6dd81pz9y', 'status': 'contacted', 'lastContact': '2026-02-26T19:10:53Z'}
2026-02-26 19:10:53,012 INFO [DRY-RUN] mutation outreachLog:add args={'leadId': 'jd734w8av7f31zjcxv0158m6dd81pz9y', 'type': 'cold', 'email': 'support@foresthomesstore.com', 'subject': 'quick thing for Forest Homes', 'status': 'sent', 'sentAt': '2026-02-26T19:10:53Z'}
2026-02-26 19:10:53,012 INFO Account: matt@trybloomcontent.site | day limit: 5
2026-02-26 19:10:53,012 INFO [DRY-RUN] WOULD SEND: matt@trybloomcontent.site → info@lisilerch.com | quick thing for Lisilerch
2026-02-26 19:10:53,012 INFO [DRY-RUN] mutation leads:updateLeadEmailStatus args={'id': 'jd7ceptzbcgsryzypbxt3ynsw181pfva', 'status': 'contacted', 'lastEmailDate': '2026-02-26T19:10:53Z', 'followUpCount': 0}
2026-02-26 19:10:53,012 INFO [DRY-RUN] mutation leads:updateStatus args={'id': 'jd7ceptzbcgsryzypbxt3ynsw181pfva', 'status': 'contacted', 'lastContact': '2026-02-26T19:10:53Z'}
2026-02-26 19:10:53,012 INFO [DRY-RUN] mutation outreachLog:add args={'leadId': 'jd7ceptzbcgsryzypbxt3ynsw181pfva', 'type': 'cold', 'email': 'info@lisilerch.com', 'subject': 'quick thing for Lisilerch', 'status': 'sent', 'sentAt': '2026-02-26T19:10:53Z'}
2026-02-26 19:10:53,013 INFO [DRY-RUN] WOULD SEND: matt@trybloomcontent.site → ivonne@ivonnesfashions.com | quick thing for Ivonnesfashion
2026-02-26 19:10:53,013 INFO [DRY-RUN] mutation leads:updateLeadEmailStatus args={'id': 'jd75k7236wrhp75mzkmgyh4z2d81qgfb', 'status': 'contacted', 'lastEmailDate': '2026-02-26T19:10:53Z', 'followUpCount': 0}
2026-02-26 19:10:53,013 INFO [DRY-RUN] mutation leads:updateStatus args={'id': 'jd75k7236wrhp75mzkmgyh4z2d81qgfb', 'status': 'contacted', 'lastContact': '2026-02-26T19:10:53Z'}
2026-02-26 19:10:53,013 INFO [DRY-RUN] mutation outreachLog:add args={'leadId': 'jd75k7236wrhp75mzkmgyh4z2d81qgfb', 'type': 'cold', 'email': 'ivonne@ivonnesfashions.com', 'subject': 'quick thing for Ivonnesfashion', 'status': 'sent', 'sentAt': '2026-02-26T19:10:53Z'}
2026-02-26 19:10:53,013 INFO [DRY-RUN] WOULD SEND: matt@trybloomcontent.site → customerservice@jbprince.com | quick thing for Fd9180 5
2026-02-26 19:10:53,013 INFO [DRY-RUN] mutation leads:updateLeadEmailStatus args={'id': 'jd72y9w1w9r0mgm8xx2smawv7h81p6fr', 'status': 'contacted', 'lastEmailDate': '2026-02-26T19:10:53Z', 'followUpCount': 0}
2026-02-26 19:10:53,013 INFO [DRY-RUN] mutation leads:updateStatus args={'id': 'jd72y9w1w9r0mgm8xx2smawv7h81p6fr', 'status': 'contacted', 'lastContact': '2026-02-26T19:10:53Z'}
2026-02-26 19:10:53,013 INFO [DRY-RUN] mutation outreachLog:add args={'leadId': 'jd72y9w1w9r0mgm8xx2smawv7h81p6fr', 'type': 'cold', 'email': 'customerservice@jbprince.com', 'subject': 'quick thing for Fd9180 5', 'status': 'sent', 'sentAt': '2026-02-26T19:10:53Z'}
2026-02-26 19:10:53,013 INFO [DRY-RUN] WOULD SEND: matt@trybloomcontent.site → info@whimsyandrow.com | quick thing for Whimsy And Row
2026-02-26 19:10:53,013 INFO [DRY-RUN] mutation leads:updateLeadEmailStatus args={'id': 'jd75vhrnvpfjxav9a2w9m75wg981mfg9', 'status': 'contacted', 'lastEmailDate': '2026-02-26T19:10:53Z', 'followUpCount': 0}
2026-02-26 19:10:53,013 INFO [DRY-RUN] mutation leads:updateStatus args={'id': 'jd75vhrnvpfjxav9a2w9m75wg981mfg9', 'status': 'contacted', 'lastContact': '2026-02-26T19:10:53Z'}
2026-02-26 19:10:53,013 INFO [DRY-RUN] mutation outreachLog:add args={'leadId': 'jd75vhrnvpfjxav9a2w9m75wg981mfg9', 'type': 'cold', 'email': 'info@whimsyandrow.com', 'subject': 'quick thing for Whimsy And Row', 'status': 'sent', 'sentAt': '2026-02-26T19:10:53Z'}
2026-02-26 19:10:53,013 INFO [DRY-RUN] WOULD SEND: matt@trybloomcontent.site → info@mudjeans.eu | quick thing for Mud Jeans B2C En
2026-02-26 19:10:53,013 INFO [DRY-RUN] mutation leads:updateLeadEmailStatus args={'id': 'jd714f8y4w03dsr4529nep69b981n3a5', 'status': 'contacted', 'lastEmailDate': '2026-02-26T19:10:53Z', 'followUpCount': 0}
2026-02-26 19:10:53,013 INFO [DRY-RUN] mutation leads:updateStatus args={'id': 'jd714f8y4w03dsr4529nep69b981n3a5', 'status': 'contacted', 'lastContact': '2026-02-26T19:10:53Z'}
2026-02-26 19:10:53,013 INFO [DRY-RUN] mutation outreachLog:add args={'leadId': 'jd714f8y4w03dsr4529nep69b981n3a5', 'type': 'cold', 'email': 'info@mudjeans.eu', 'subject': 'quick thing for Mud Jeans B2C En', 'status': 'sent', 'sentAt': '2026-02-26T19:10:53Z'}
2026-02-26 19:10:53,013 INFO Account: rafa@trybloomcontent.site | day limit: 5
2026-02-26 19:10:53,013 INFO [DRY-RUN] WOULD SEND: rafa@trybloomcontent.site → info@yourstore.com | quick thing for Cafenated
2026-02-26 19:10:53,013 INFO [DRY-RUN] mutation leads:updateLeadEmailStatus args={'id': 'jd7bww9fhqj4a8hwbyvz9y2fxh81nygr', 'status': 'contacted', 'lastEmailDate': '2026-02-26T19:10:53Z', 'followUpCount': 0}
2026-02-26 19:10:53,013 INFO [DRY-RUN] mutation leads:updateStatus args={'id': 'jd7bww9fhqj4a8hwbyvz9y2fxh81nygr', 'status': 'contacted', 'lastContact': '2026-02-26T19:10:53Z'}
2026-02-26 19:10:53,013 INFO [DRY-RUN] mutation outreachLog:add args={'leadId': 'jd7bww9fhqj4a8hwbyvz9y2fxh81nygr', 'type': 'cold', 'email': 'info@yourstore.com', 'subject': 'quick thing for Cafenated', 'status': 'sent', 'sentAt': '2026-02-26T19:10:53Z'}
2026-02-26 19:10:53,013 INFO [DRY-RUN] WOULD SEND: rafa@trybloomcontent.site → CustomerRelations@coffeeam.com | quick thing for Coffeeam Com
2026-02-26 19:10:53,013 INFO [DRY-RUN] mutation leads:updateLeadEmailStatus args={'id': 'jd75qcr4rbh7c17gf663tpajms81nzp0', 'status': 'contacted', 'lastEmailDate': '2026-02-26T19:10:53Z', 'followUpCount': 0}
2026-02-26 19:10:53,013 INFO [DRY-RUN] mutation leads:updateStatus args={'id': 'jd75qcr4rbh7c17gf663tpajms81nzp0', 'status': 'contacted', 'lastContact': '2026-02-26T19:10:53Z'}
2026-02-26 19:10:53,013 INFO [DRY-RUN] mutation outreachLog:add args={'leadId': 'jd75qcr4rbh7c17gf663tpajms81nzp0', 'type': 'cold', 'email': 'CustomerRelations@coffeeam.com', 'subject': 'quick thing for Coffeeam Com', 'status': 'sent', 'sentAt': '2026-02-26T19:10:53Z'}
2026-02-26 19:10:53,014 INFO [DRY-RUN] WOULD SEND: rafa@trybloomcontent.site → onlineorder@cafvina.com | quick thing for Cafvina Coffee Tea
2026-02-26 19:10:53,014 INFO [DRY-RUN] mutation leads:updateLeadEmailStatus args={'id': 'jd7agtbdwhnrb8sn0fvyp3g61h81myj2', 'status': 'contacted', 'lastEmailDate': '2026-02-26T19:10:53Z', 'followUpCount': 0}
2026-02-26 19:10:53,014 INFO [DRY-RUN] mutation leads:updateStatus args={'id': 'jd7agtbdwhnrb8sn0fvyp3g61h81myj2', 'status': 'contacted', 'lastContact': '2026-02-26T19:10:53Z'}
2026-02-26 19:10:53,014 INFO [DRY-RUN] mutation outreachLog:add args={'leadId': 'jd7agtbdwhnrb8sn0fvyp3g61h81myj2', 'type': 'cold', 'email': 'onlineorder@cafvina.com', 'subject': 'quick thing for Cafvina Coffee Tea', 'status': 'sent', 'sentAt': '2026-02-26T19:10:53Z'}
2026-02-26 19:10:53,014 INFO [DRY-RUN] WOULD SEND: rafa@trybloomcontent.site → hello@babycubby.com | quick thing for Babycubby
2026-02-26 19:10:53,014 INFO [DRY-RUN] mutation leads:updateLeadEmailStatus args={'id': 'jd79ybgyymm6e20csa01btsvp581m172', 'status': 'contacted', 'lastEmailDate': '2026-02-26T19:10:53Z', 'followUpCount': 0}
2026-02-26 19:10:53,014 INFO [DRY-RUN] mutation leads:updateStatus args={'id': 'jd79ybgyymm6e20csa01btsvp581m172', 'status': 'contacted', 'lastContact': '2026-02-26T19:10:53Z'}
2026-02-26 19:10:53,014 INFO [DRY-RUN] mutation outreachLog:add args={'leadId': 'jd79ybgyymm6e20csa01btsvp581m172', 'type': 'cold', 'email': 'hello@babycubby.com', 'subject': 'quick thing for Babycubby', 'status': 'sent', 'sentAt': '2026-02-26T19:10:53Z'}
2026-02-26 19:10:53,014 INFO [DRY-RUN] WOULD SEND: rafa@trybloomcontent.site → customerservice@babycottons.com | quick thing for Babycottons Us
2026-02-26 19:10:53,014 INFO [DRY-RUN] mutation leads:updateLeadEmailStatus args={'id': 'jd7ewa67xe0052x8hjrzzc1fgn81mt4z', 'status': 'contacted', 'lastEmailDate': '2026-02-26T19:10:53Z', 'followUpCount': 0}
2026-02-26 19:10:53,014 INFO [DRY-RUN] mutation leads:updateStatus args={'id': 'jd7ewa67xe0052x8hjrzzc1fgn81mt4z', 'status': 'contacted', 'lastContact': '2026-02-26T19:10:53Z'}
2026-02-26 19:10:53,014 INFO [DRY-RUN] mutation outreachLog:add args={'leadId': 'jd7ewa67xe0052x8hjrzzc1fgn81mt4z', 'type': 'cold', 'email': 'customerservice@babycottons.com', 'subject': 'quick thing for Babycottons Us', 'status': 'sent', 'sentAt': '2026-02-26T19:10:53Z'}
2026-02-26 19:10:53,014 INFO --- Processing follow-ups ---
2026-02-26 19:10:53,014 INFO Checking for follow-ups on 2026-02-26
2026-02-26 20:21:21,802 INFO === Email Scheduler | 2026-02-26 ===
2026-02-26 20:21:21,802 INFO --- Processing cold emails ---
2026-02-26 20:21:22,038 INFO Account: matt.roberts@bloomcontent.site | day limit: 5
2026-02-26 20:21:23,884 INFO SENT: matt.roberts@bloomcontent.site → ecom-swiper@11.css | quick thing for Aniise Natural Skin Care and Cosmetics
2026-02-26 20:21:24,375 INFO Sleeping 21 minutes before next email...
2026-02-27 08:00:01,492 INFO === Email Scheduler | 2026-02-27 ===
2026-02-27 08:00:01,492 INFO === Email Scheduler | 2026-02-27 ===
2026-02-27 08:00:01,493 INFO --- Processing cold emails ---
2026-02-27 08:00:01,493 INFO --- Processing cold emails ---
2026-02-27 08:00:01,811 INFO Account: matt.roberts@bloomcontent.site | day limit: 5
2026-02-27 08:00:01,811 INFO Account: matt.roberts@bloomcontent.site | day limit: 5
2026-02-27 08:00:03,626 INFO SENT: matt.roberts@bloomcontent.site → support@precor.com | quick thing for Precor At Home
2026-02-27 08:00:03,626 INFO SENT: matt.roberts@bloomcontent.site → support@precor.com | quick thing for Precor At Home
/root/.openclaw/workspace/contentbloom/email-scheduler.py:621: DeprecationWarning: datetime.datetime.utcnow() is deprecated and scheduled for removal in a future version. Use timezone-aware objects to represent datetimes in UTC: datetime.datetime.now(datetime.UTC).
  now_iso = datetime.utcnow().strftime("%Y-%m-%dT%H:%M:%SZ")
2026-02-27 08:00:04,201 INFO Sleeping 17 minutes before next email...
2026-02-27 08:00:04,201 INFO Sleeping 17 minutes before next email...
2026-02-27 08:17:05,279 INFO SENT: matt.roberts@bloomcontent.site → contact@gaala.com | quick thing for Gaalaparisminsk
2026-02-27 08:17:05,279 INFO SENT: matt.roberts@bloomcontent.site → contact@gaala.com | quick thing for Gaalaparisminsk
2026-02-27 08:17:05,910 INFO Sleeping 15 minutes before next email...
2026-02-27 08:17:05,910 INFO Sleeping 15 minutes before next email...
2026-02-27 08:32:06,709 INFO SENT: matt.roberts@bloomcontent.site → mailtoinfo@herbivorebotanicals.com | quick thing for Herbivore Botanicals
2026-02-27 08:32:06,709 INFO SENT: matt.roberts@bloomcontent.site → mailtoinfo@herbivorebotanicals.com | quick thing for Herbivore Botanicals
2026-02-27 08:32:07,311 INFO Sleeping 22 minutes before next email...
2026-02-27 08:32:07,311 INFO Sleeping 22 minutes before next email...
2026-02-27 08:54:08,388 INFO SENT: matt.roberts@bloomcontent.site → info@angelpetsupplies.com | quick thing for Angelpet Supplies
2026-02-27 08:54:08,388 INFO SENT: matt.roberts@bloomcontent.site → info@angelpetsupplies.com | quick thing for Angelpet Supplies
2026-02-27 08:54:08,996 INFO Sleeping 21 minutes before next email...
2026-02-27 08:54:08,996 INFO Sleeping 21 minutes before next email...
2026-02-27 09:15:10,083 INFO SENT: matt.roberts@bloomcontent.site → ootbconsigninc@gmail.com | quick thing for Outoftheboxconsignment
2026-02-27 09:15:10,083 INFO SENT: matt.roberts@bloomcontent.site → ootbconsigninc@gmail.com | quick thing for Outoftheboxconsignment
2026-02-27 09:15:10,654 INFO Account: rafa@bloomcontent.site | day limit: 5
2026-02-27 09:15:10,654 INFO Account: rafa@bloomcontent.site | day limit: 5
2026-02-27 09:15:11,299 INFO SENT: rafa@bloomcontent.site → example@yourdomain.com | quick thing for Latter Day Home
2026-02-27 09:15:11,299 INFO SENT: rafa@bloomcontent.site → example@yourdomain.com | quick thing for Latter Day Home
2026-02-27 09:15:11,702 INFO Sleeping 20 minutes before next email...
2026-02-27 09:15:11,702 INFO Sleeping 20 minutes before next email...
2026-02-28 08:00:01,557 INFO === Email Scheduler | 2026-02-28 ===
2026-02-28 08:00:01,557 INFO === Email Scheduler | 2026-02-28 ===
2026-02-28 08:00:01,557 INFO --- Processing cold emails ---
2026-02-28 08:00:01,557 INFO --- Processing cold emails ---
2026-02-28 08:00:01,853 INFO Account: matt.roberts@bloomcontent.site | day limit: 15
2026-02-28 08:00:01,853 INFO Account: matt.roberts@bloomcontent.site | day limit: 15
2026-02-28 08:00:03,092 INFO SENT: matt.roberts@bloomcontent.site → myquestion@abiie.com | quick thing for Abiiellc
2026-02-28 08:00:03,092 INFO SENT: matt.roberts@bloomcontent.site → myquestion@abiie.com | quick thing for Abiiellc
/root/.openclaw/workspace/contentbloom/email-scheduler.py:621: DeprecationWarning: datetime.datetime.utcnow() is deprecated and scheduled for removal in a future version. Use timezone-aware objects to represent datetimes in UTC: datetime.datetime.now(datetime.UTC).
  now_iso = datetime.utcnow().strftime("%Y-%m-%dT%H:%M:%SZ")
2026-02-28 08:00:03,519 INFO Sleeping 24 minutes before next email...
2026-02-28 08:00:03,519 INFO Sleeping 24 minutes before next email...
2026-02-28 08:24:04,560 INFO SENT: matt.roberts@bloomcontent.site → weborders@babyongrand.com | quick thing for Baby Grand
2026-02-28 08:24:04,560 INFO SENT: matt.roberts@bloomcontent.site → weborders@babyongrand.com | quick thing for Baby Grand
2026-02-28 08:24:05,191 INFO Sleeping 17 minutes before next email...
2026-02-28 08:24:05,191 INFO Sleeping 17 minutes before next email...
2026-02-28 08:41:06,260 INFO SENT: matt.roberts@bloomcontent.site → info@riverorganics.org | quick thing for River Organics Skincare
2026-02-28 08:41:06,260 INFO SENT: matt.roberts@bloomcontent.site → info@riverorganics.org | quick thing for River Organics Skincare
2026-02-28 08:41:06,841 INFO Sleeping 19 minutes before next email...
2026-02-28 08:41:06,841 INFO Sleeping 19 minutes before next email...
2026-02-28 09:00:07,755 INFO SENT: matt.roberts@bloomcontent.site → support@hardjewelry.com | quick thing for Hard Jewelry
2026-02-28 09:00:07,755 INFO SENT: matt.roberts@bloomcontent.site → support@hardjewelry.com | quick thing for Hard Jewelry
2026-02-28 09:00:08,240 INFO Sleeping 15 minutes before next email...
2026-02-28 09:00:08,240 INFO Sleeping 15 minutes before next email...
2026-02-28 09:15:09,123 INFO SENT: matt.roberts@bloomcontent.site → info@pavoi.com | quick thing for Pavoipearls
2026-02-28 09:15:09,123 INFO SENT: matt.roberts@bloomcontent.site → info@pavoi.com | quick thing for Pavoipearls
2026-02-28 09:15:09,831 INFO Sleeping 20 minutes before next email...
2026-02-28 09:15:09,831 INFO Sleeping 20 minutes before next email...
2026-02-28 09:35:10,820 INFO SENT: matt.roberts@bloomcontent.site → vteam@vcoterie.com | quick thing for V Coterie
2026-02-28 09:35:10,820 INFO SENT: matt.roberts@bloomcontent.site → vteam@vcoterie.com | quick thing for V Coterie
2026-02-28 09:35:11,555 INFO Sleeping 18 minutes before next email...
2026-02-28 09:35:11,555 INFO Sleeping 18 minutes before next email...
2026-02-28 09:53:12,356 INFO SENT: matt.roberts@bloomcontent.site → nudebrownsugar@gmail.com | quick thing for Nude Brown Sugar
2026-02-28 09:53:12,356 INFO SENT: matt.roberts@bloomcontent.site → nudebrownsugar@gmail.com | quick thing for Nude Brown Sugar
2026-02-28 09:53:12,934 INFO Sleeping 18 minutes before next email...
2026-02-28 09:53:12,934 INFO Sleeping 18 minutes before next email...
2026-02-28 10:11:14,132 INFO SENT: matt.roberts@bloomcontent.site → hello@franzskincareusa.com | quick thing for Franz Skincare USA
2026-02-28 10:11:14,132 INFO SENT: matt.roberts@bloomcontent.site → hello@franzskincareusa.com | quick thing for Franz Skincare USA
2026-02-28 10:11:14,774 INFO Sleeping 20 minutes before next email...
2026-02-28 10:11:14,774 INFO Sleeping 20 minutes before next email...
2026-02-28 10:31:15,661 INFO SENT: matt.roberts@bloomcontent.site → smkoreabeauty@gmail.com | quick thing for SM Korea Beauty
2026-02-28 10:31:15,661 INFO SENT: matt.roberts@bloomcontent.site → smkoreabeauty@gmail.com | quick thing for SM Korea Beauty
2026-02-28 10:31:16,340 INFO Sleeping 18 minutes before next email...
2026-02-28 10:31:16,340 INFO Sleeping 18 minutes before next email...
2026-02-28 10:49:17,357 INFO SENT: matt.roberts@bloomcontent.site → aapecs_us@bape.com | quick thing for AAPE STORE LOS ANGELES
2026-02-28 10:49:17,357 INFO SENT: matt.roberts@bloomcontent.site → aapecs_us@bape.com | quick thing for AAPE STORE LOS ANGELES
2026-02-28 10:49:17,970 INFO Sleeping 21 minutes before next email...
2026-02-28 10:49:17,970 INFO Sleeping 21 minutes before next email...
2026-02-28 11:10:18,758 INFO SENT: matt.roberts@bloomcontent.site → palacebeautymetro@gmail.com | quick thing for PalaceBeautyMetro
2026-02-28 11:10:18,758 INFO SENT: matt.roberts@bloomcontent.site → palacebeautymetro@gmail.com | quick thing for PalaceBeautyMetro
2026-02-28 11:10:19,393 INFO Sleeping 23 minutes before next email...
2026-02-28 11:10:19,393 INFO Sleeping 23 minutes before next email...
2026-02-28 11:33:20,135 INFO SENT: matt.roberts@bloomcontent.site → info@thethingswedo.co | quick thing for The Things We Do
2026-02-28 11:33:20,135 INFO SENT: matt.roberts@bloomcontent.site → info@thethingswedo.co | quick thing for The Things We Do
2026-02-28 11:33:20,699 INFO Sleeping 25 minutes before next email...
2026-02-28 11:33:20,699 INFO Sleeping 25 minutes before next email...
2026-02-28 11:58:21,673 INFO SENT: matt.roberts@bloomcontent.site → hello@heydayskincare.com | quick thing for Heyday Skincare Silver Lake
2026-02-28 11:58:21,673 INFO SENT: matt.roberts@bloomcontent.site → hello@heydayskincare.com | quick thing for Heyday Skincare Silver Lake
2026-02-28 11:58:22,346 INFO Sleeping 21 minutes before next email...
2026-02-28 11:58:22,346 INFO Sleeping 21 minutes before next email...
2026-02-28 12:19:23,317 INFO SENT: matt.roberts@bloomcontent.site → madpenguinskincare@gmail.com | quick thing for MadPenguin Skincare
2026-02-28 12:19:23,317 INFO SENT: matt.roberts@bloomcontent.site → madpenguinskincare@gmail.com | quick thing for MadPenguin Skincare
2026-02-28 12:19:23,950 INFO Sleeping 18 minutes before next email...
2026-02-28 12:19:23,950 INFO Sleeping 18 minutes before next email...
2026-02-28 12:37:25,060 INFO SENT: matt.roberts@bloomcontent.site → support@foresthomesstore.com | quick thing for Forest Homes
2026-02-28 12:37:25,060 INFO SENT: matt.roberts@bloomcontent.site → support@foresthomesstore.com | quick thing for Forest Homes
2026-02-28 12:37:25,700 INFO Account: rafa@bloomcontent.site | day limit: 15
2026-02-28 12:37:25,700 INFO Account: rafa@bloomcontent.site | day limit: 15
2026-02-28 12:37:26,792 INFO SENT: rafa@bloomcontent.site → info@lisilerch.com | quick thing for Lisilerch
2026-02-28 12:37:26,792 INFO SENT: rafa@bloomcontent.site → info@lisilerch.com | quick thing for Lisilerch
2026-02-28 12:37:27,360 INFO Sleeping 24 minutes before next email...
2026-02-28 12:37:27,360 INFO Sleeping 24 minutes before next email...
2026-02-28 13:01:28,333 INFO SENT: rafa@bloomcontent.site → ivonne@ivonnesfashions.com | quick thing for Ivonnesfashion
2026-02-28 13:01:28,333 INFO SENT: rafa@bloomcontent.site → ivonne@ivonnesfashions.com | quick thing for Ivonnesfashion
2026-02-28 13:01:28,987 INFO Sleeping 16 minutes before next email...
2026-02-28 13:01:28,987 INFO Sleeping 16 minutes before next email...
2026-02-28 13:17:29,906 INFO SENT: rafa@bloomcontent.site → customerservice@jbprince.com | quick thing for Fd9180 5
2026-02-28 13:17:29,906 INFO SENT: rafa@bloomcontent.site → customerservice@jbprince.com | quick thing for Fd9180 5
2026-02-28 13:17:30,572 INFO Sleeping 16 minutes before next email...
2026-02-28 13:17:30,572 INFO Sleeping 16 minutes before next email...
2026-02-28 13:33:31,623 INFO SENT: rafa@bloomcontent.site → info@whimsyandrow.com | quick thing for Whimsy And Row
2026-02-28 13:33:31,623 INFO SENT: rafa@bloomcontent.site → info@whimsyandrow.com | quick thing for Whimsy And Row
2026-02-28 13:33:32,275 INFO Sleeping 19 minutes before next email...
2026-02-28 13:33:32,275 INFO Sleeping 19 minutes before next email...
2026-02-28 13:52:33,522 INFO SENT: rafa@bloomcontent.site → info@mudjeans.eu | quick thing for Mud Jeans B2C En
2026-02-28 13:52:33,522 INFO SENT: rafa@bloomcontent.site → info@mudjeans.eu | quick thing for Mud Jeans B2C En
2026-02-28 13:52:34,092 INFO Sleeping 22 minutes before next email...
2026-02-28 13:52:34,092 INFO Sleeping 22 minutes before next email...
2026-02-28 14:14:34,907 INFO SENT: rafa@bloomcontent.site → info@yourstore.com | quick thing for Cafenated
2026-02-28 14:14:34,907 INFO SENT: rafa@bloomcontent.site → info@yourstore.com | quick thing for Cafenated
2026-02-28 14:14:35,464 INFO Sleeping 15 minutes before next email...
2026-02-28 14:14:35,464 INFO Sleeping 15 minutes before next email...
2026-02-28 14:29:36,236 INFO SENT: rafa@bloomcontent.site → CustomerRelations@coffeeam.com | quick thing for Coffeeam Com
2026-02-28 14:29:36,236 INFO SENT: rafa@bloomcontent.site → CustomerRelations@coffeeam.com | quick thing for Coffeeam Com
2026-02-28 14:29:36,846 INFO Sleeping 22 minutes before next email...
2026-02-28 14:29:36,846 INFO Sleeping 22 minutes before next email...
2026-02-28 14:51:37,738 INFO SENT: rafa@bloomcontent.site → onlineorder@cafvina.com | quick thing for Cafvina Coffee Tea
2026-02-28 14:51:37,738 INFO SENT: rafa@bloomcontent.site → onlineorder@cafvina.com | quick thing for Cafvina Coffee Tea
2026-02-28 14:51:38,404 INFO Sleeping 25 minutes before next email...
2026-02-28 14:51:38,404 INFO Sleeping 25 minutes before next email...
2026-02-28 15:16:39,898 INFO SENT: rafa@bloomcontent.site → hello@babycubby.com | quick thing for Babycubby
2026-02-28 15:16:39,898 INFO SENT: rafa@bloomcontent.site → hello@babycubby.com | quick thing for Babycubby
2026-02-28 15:16:40,578 INFO Sleeping 15 minutes before next email...
2026-02-28 15:16:40,578 INFO Sleeping 15 minutes before next email...
2026-02-28 15:31:41,645 INFO SENT: rafa@bloomcontent.site → customerservice@babycottons.com | quick thing for Babycottons Us
2026-02-28 15:31:41,645 INFO SENT: rafa@bloomcontent.site → customerservice@babycottons.com | quick thing for Babycottons Us
2026-02-28 15:31:42,362 INFO Sleeping 22 minutes before next email...
2026-02-28 15:31:42,362 INFO Sleeping 22 minutes before next email...
2026-02-28 15:53:43,477 INFO SENT: rafa@bloomcontent.site → ns@noodleandboo.com | quick thing for Noodleandboo
2026-02-28 15:53:43,477 INFO SENT: rafa@bloomcontent.site → ns@noodleandboo.com | quick thing for Noodleandboo
2026-02-28 15:53:44,112 INFO Sleeping 23 minutes before next email...
2026-02-28 15:53:44,112 INFO Sleeping 23 minutes before next email...
2026-02-28 16:16:45,278 INFO SENT: rafa@bloomcontent.site → renest@storkexchange.co | quick thing for Storkexchange
2026-02-28 16:16:45,278 INFO SENT: rafa@bloomcontent.site → renest@storkexchange.co | quick thing for Storkexchange
2026-02-28 16:16:45,881 INFO Sleeping 24 minutes before next email...
2026-02-28 16:16:45,881 INFO Sleeping 24 minutes before next email...
2026-02-28 16:40:46,937 INFO SENT: rafa@bloomcontent.site → info@rowecasaorganics.com | quick thing for Rowe Casa
2026-02-28 16:40:46,937 INFO SENT: rafa@bloomcontent.site → info@rowecasaorganics.com | quick thing for Rowe Casa
2026-02-28 16:40:47,630 INFO Sleeping 25 minutes before next email...
2026-02-28 16:40:47,630 INFO Sleeping 25 minutes before next email...
2026-02-28 17:05:48,626 INFO SENT: rafa@bloomcontent.site → support@fromrebel.com | quick thing for Rebelstork Us
2026-02-28 17:05:48,626 INFO SENT: rafa@bloomcontent.site → support@fromrebel.com | quick thing for Rebelstork Us
2026-02-28 17:05:49,315 INFO Sleeping 16 minutes before next email...
2026-02-28 17:05:49,315 INFO Sleeping 16 minutes before next email...
2026-02-28 17:21:50,161 INFO SENT: rafa@bloomcontent.site → customerservice@adelnaturalcosmetics.com | quick thing for Adel Natural Cosmetics
2026-02-28 17:21:50,161 INFO SENT: rafa@bloomcontent.site → customerservice@adelnaturalcosmetics.com | quick thing for Adel Natural Cosmetics
2026-02-28 17:21:50,794 INFO Account: matt@trybloomcontent.site | day limit: 5
2026-02-28 17:21:50,794 INFO Account: matt@trybloomcontent.site | day limit: 5
2026-02-28 17:21:51,954 INFO SENT: matt@trybloomcontent.site → info@nourishorganic.com | quick thing for Nourishusda
2026-02-28 17:21:51,954 INFO SENT: matt@trybloomcontent.site → info@nourishorganic.com | quick thing for Nourishusda
2026-02-28 17:21:52,395 INFO Sleeping 16 minutes before next email...
2026-02-28 17:21:52,395 INFO Sleeping 16 minutes before next email...
2026-02-28 17:37:53,419 INFO SENT: matt@trybloomcontent.site → info@withsimplicitybeauty.com | quick thing for Withsimplicity Llc
2026-02-28 17:37:53,419 INFO SENT: matt@trybloomcontent.site → info@withsimplicitybeauty.com | quick thing for Withsimplicity Llc
2026-02-28 17:37:54,059 INFO Sleeping 18 minutes before next email...
2026-02-28 17:37:54,059 INFO Sleeping 18 minutes before next email...
2026-02-28 17:55:55,096 INFO SENT: matt@trybloomcontent.site → support@ogee.com | quick thing for Ogee Com
2026-02-28 17:55:55,096 INFO SENT: matt@trybloomcontent.site → support@ogee.com | quick thing for Ogee Com
2026-02-28 17:55:55,740 INFO Sleeping 24 minutes before next email...
2026-02-28 17:55:55,740 INFO Sleeping 24 minutes before next email...
2026-02-28 18:19:56,712 INFO SENT: matt@trybloomcontent.site → info@botniaskincare.com | quick thing for Botniaskincare
2026-02-28 18:19:56,712 INFO SENT: matt@trybloomcontent.site → info@botniaskincare.com | quick thing for Botniaskincare
2026-02-28 18:19:57,338 INFO Sleeping 23 minutes before next email...
2026-02-28 18:19:57,338 INFO Sleeping 23 minutes before next email...
2026-02-28 18:42:59,048 INFO SENT: matt@trybloomcontent.site → support@valuepetsupplies.com | quick thing for Valuepetsupplies Com
2026-02-28 18:42:59,048 INFO SENT: matt@trybloomcontent.site → support@valuepetsupplies.com | quick thing for Valuepetsupplies Com
2026-02-28 18:42:59,685 INFO Account: rafa@trybloomcontent.site | day limit: 5
2026-02-28 18:42:59,685 INFO Account: rafa@trybloomcontent.site | day limit: 5
2026-02-28 18:43:00,750 INFO SENT: rafa@trybloomcontent.site → customerservice@jefferspet.com | quick thing for Jeffersweb
2026-02-28 18:43:00,750 INFO SENT: rafa@trybloomcontent.site → customerservice@jefferspet.com | quick thing for Jeffersweb
2026-02-28 18:43:01,391 INFO Sleeping 24 minutes before next email...
2026-02-28 18:43:01,391 INFO Sleeping 24 minutes before next email...
2026-02-28 19:07:02,351 INFO SENT: rafa@trybloomcontent.site → store.ops@ipphl.com | quick thing for Ipphl
2026-02-28 19:07:02,351 INFO SENT: rafa@trybloomcontent.site → store.ops@ipphl.com | quick thing for Ipphl
2026-02-28 19:07:03,046 INFO Sleeping 24 minutes before next email...
2026-02-28 19:07:03,046 INFO Sleeping 24 minutes before next email...
2026-02-28 19:31:04,244 INFO SENT: rafa@trybloomcontent.site → kahoots@kahootspet.com | quick thing for Kahoots Feed And Pet
2026-02-28 19:31:04,244 INFO SENT: rafa@trybloomcontent.site → kahoots@kahootspet.com | quick thing for Kahoots Feed And Pet
2026-02-28 19:31:04,872 INFO Sleeping 22 minutes before next email...
2026-02-28 19:31:04,872 INFO Sleeping 22 minutes before next email...
2026-02-28 19:53:06,362 INFO SENT: rafa@trybloomcontent.site → thebeautybark@gmail.com | quick thing for Http Cijispetsupplies Com
2026-02-28 19:53:06,362 INFO SENT: rafa@trybloomcontent.site → thebeautybark@gmail.com | quick thing for Http Cijispetsupplies Com
2026-02-28 19:53:06,962 INFO Sleeping 21 minutes before next email...
2026-02-28 19:53:06,962 INFO Sleeping 21 minutes before next email...
2026-02-28 20:14:08,216 INFO SENT: rafa@trybloomcontent.site → info@mrmochasmarketplace.com | quick thing for Mr Mochas Pet Supplies
2026-02-28 20:14:08,216 INFO SENT: rafa@trybloomcontent.site → info@mrmochasmarketplace.com | quick thing for Mr Mochas Pet Supplies
2026-02-28 20:14:08,937 INFO --- Processing follow-ups ---
2026-02-28 20:14:08,937 INFO --- Processing follow-ups ---
2026-02-28 20:14:08,938 INFO Checking for follow-ups on 2026-02-28
2026-02-28 20:14:08,938 INFO Checking for follow-ups on 2026-02-28
2026-02-28 20:14:09,083 INFO No leads need follow-up today
2026-02-28 20:14:09,083 INFO No leads need follow-up today
2026-02-28 20:14:09,083 INFO === Done ===
2026-02-28 20:14:09,083 INFO === Done ===
2026-03-01 08:00:01,730 INFO === Email Scheduler | 2026-03-01 ===
2026-03-01 08:00:01,730 INFO === Email Scheduler | 2026-03-01 ===
2026-03-01 08:00:01,731 INFO --- Processing cold emails ---
2026-03-01 08:00:01,731 INFO --- Processing cold emails ---
2026-03-01 08:00:01,946 INFO Account: matt.roberts@bloomcontent.site | day limit: 15
2026-03-01 08:00:01,946 INFO Account: matt.roberts@bloomcontent.site | day limit: 15
2026-03-01 08:00:02,453 INFO SENT: matt.roberts@bloomcontent.site → support@precor.com | quick thing for Precor At Home
2026-03-01 08:00:02,453 INFO SENT: matt.roberts@bloomcontent.site → support@precor.com | quick thing for Precor At Home
/root/.openclaw/workspace/contentbloom/email-scheduler.py:621: DeprecationWarning: datetime.datetime.utcnow() is deprecated and scheduled for removal in a future version. Use timezone-aware objects to represent datetimes in UTC: datetime.datetime.now(datetime.UTC).
  now_iso = datetime.utcnow().strftime("%Y-%m-%dT%H:%M:%SZ")
2026-03-01 08:00:02,962 INFO Sleeping 24 minutes before next email...
2026-03-01 08:00:02,962 INFO Sleeping 24 minutes before next email...
2026-03-01 08:24:04,311 INFO SENT: matt.roberts@bloomcontent.site → contact@gaala.com | quick thing for Gaalaparisminsk
2026-03-01 08:24:04,311 INFO SENT: matt.roberts@bloomcontent.site → contact@gaala.com | quick thing for Gaalaparisminsk
2026-03-01 08:24:04,994 INFO Sleeping 18 minutes before next email...
2026-03-01 08:24:04,994 INFO Sleeping 18 minutes before next email...
2026-03-01 08:42:06,052 INFO SENT: matt.roberts@bloomcontent.site → mailtoinfo@herbivorebotanicals.com | quick thing for Herbivore Botanicals
2026-03-01 08:42:06,052 INFO SENT: matt.roberts@bloomcontent.site → mailtoinfo@herbivorebotanicals.com | quick thing for Herbivore Botanicals
2026-03-01 08:42:06,730 INFO Sleeping 24 minutes before next email...
2026-03-01 08:42:06,730 INFO Sleeping 24 minutes before next email...
2026-03-01 09:06:07,606 INFO SENT: matt.roberts@bloomcontent.site → info@angelpetsupplies.com | quick thing for Angelpet Supplies
2026-03-01 09:06:07,606 INFO SENT: matt.roberts@bloomcontent.site → info@angelpetsupplies.com | quick thing for Angelpet Supplies
2026-03-01 09:06:08,272 INFO Sleeping 23 minutes before next email...
2026-03-01 09:06:08,272 INFO Sleeping 23 minutes before next email...
2026-03-01 09:29:09,604 INFO SENT: matt.roberts@bloomcontent.site → ootbconsigninc@gmail.com | quick thing for Outoftheboxconsignment
2026-03-01 09:29:09,604 INFO SENT: matt.roberts@bloomcontent.site → ootbconsigninc@gmail.com | quick thing for Outoftheboxconsignment
2026-03-01 09:29:10,307 INFO Sleeping 15 minutes before next email...
2026-03-01 09:29:10,307 INFO Sleeping 15 minutes before next email...
2026-03-01 09:44:11,521 INFO SENT: matt.roberts@bloomcontent.site → example@yourdomain.com | quick thing for Latter Day Home
2026-03-01 09:44:11,521 INFO SENT: matt.roberts@bloomcontent.site → example@yourdomain.com | quick thing for Latter Day Home
2026-03-01 09:44:12,212 INFO Sleeping 23 minutes before next email...
2026-03-01 09:44:12,212 INFO Sleeping 23 minutes before next email...
2026-03-01 10:07:12,760 INFO SENT: matt.roberts@bloomcontent.site → ecom-swiper@11.css | quick thing for Aniise Natural Skin Care and Cosmetics
2026-03-01 10:07:12,760 INFO SENT: matt.roberts@bloomcontent.site → ecom-swiper@11.css | quick thing for Aniise Natural Skin Care and Cosmetics
2026-03-01 10:07:13,429 INFO Sleeping 22 minutes before next email...
2026-03-01 10:07:13,429 INFO Sleeping 22 minutes before next email...
2026-03-01 10:29:14,220 INFO SENT: matt.roberts@bloomcontent.site → nudebrownsugar@gmail.com | quick thing for Nude Brown Sugar
2026-03-01 10:29:14,220 INFO SENT: matt.roberts@bloomcontent.site → nudebrownsugar@gmail.com | quick thing for Nude Brown Sugar
2026-03-01 10:29:14,938 INFO Sleeping 23 minutes before next email...
2026-03-01 10:29:14,938 INFO Sleeping 23 minutes before next email...
2026-03-01 10:52:15,622 INFO SENT: matt.roberts@bloomcontent.site → hello@franzskincareusa.com | quick thing for Franz Skincare USA
2026-03-01 10:52:15,622 INFO SENT: matt.roberts@bloomcontent.site → hello@franzskincareusa.com | quick thing for Franz Skincare USA
2026-03-01 10:52:16,141 INFO Sleeping 20 minutes before next email...
2026-03-01 10:52:16,141 INFO Sleeping 20 minutes before next email...
2026-03-01 11:12:17,191 INFO SENT: matt.roberts@bloomcontent.site → smkoreabeauty@gmail.com | quick thing for SM Korea Beauty
2026-03-01 11:12:17,191 INFO SENT: matt.roberts@bloomcontent.site → smkoreabeauty@gmail.com | quick thing for SM Korea Beauty
2026-03-01 11:12:17,860 INFO Sleeping 19 minutes before next email...
2026-03-01 11:12:17,860 INFO Sleeping 19 minutes before next email...
2026-03-01 11:31:19,102 INFO SENT: matt.roberts@bloomcontent.site → aapecs_us@bape.com | quick thing for AAPE STORE LOS ANGELES
2026-03-01 11:31:19,102 INFO SENT: matt.roberts@bloomcontent.site → aapecs_us@bape.com | quick thing for AAPE STORE LOS ANGELES
2026-03-01 11:31:19,842 INFO Sleeping 21 minutes before next email...
2026-03-01 11:31:19,842 INFO Sleeping 21 minutes before next email...
2026-03-01 11:52:20,809 INFO SENT: matt.roberts@bloomcontent.site → palacebeautymetro@gmail.com | quick thing for PalaceBeautyMetro
2026-03-01 11:52:20,809 INFO SENT: matt.roberts@bloomcontent.site → palacebeautymetro@gmail.com | quick thing for PalaceBeautyMetro
2026-03-01 11:52:21,489 INFO Sleeping 20 minutes before next email...
2026-03-01 11:52:21,489 INFO Sleeping 20 minutes before next email...
2026-03-01 12:12:22,537 INFO SENT: matt.roberts@bloomcontent.site → info@thethingswedo.co | quick thing for The Things We Do
2026-03-01 12:12:22,537 INFO SENT: matt.roberts@bloomcontent.site → info@thethingswedo.co | quick thing for The Things We Do
2026-03-01 12:12:23,067 INFO Sleeping 17 minutes before next email...
2026-03-01 12:12:23,067 INFO Sleeping 17 minutes before next email...
2026-03-01 12:29:23,979 INFO SENT: matt.roberts@bloomcontent.site → hello@heydayskincare.com | quick thing for Heyday Skincare Silver Lake
2026-03-01 12:29:23,979 INFO SENT: matt.roberts@bloomcontent.site → hello@heydayskincare.com | quick thing for Heyday Skincare Silver Lake
2026-03-01 12:29:24,596 INFO Sleeping 15 minutes before next email...
2026-03-01 12:29:24,596 INFO Sleeping 15 minutes before next email...
2026-03-01 12:44:25,690 INFO SENT: matt.roberts@bloomcontent.site → madpenguinskincare@gmail.com | quick thing for MadPenguin Skincare
2026-03-01 12:44:25,690 INFO SENT: matt.roberts@bloomcontent.site → madpenguinskincare@gmail.com | quick thing for MadPenguin Skincare
2026-03-01 12:44:26,343 INFO Account: rafa@bloomcontent.site | day limit: 15
2026-03-01 12:44:26,343 INFO Account: rafa@bloomcontent.site | day limit: 15
2026-03-01 12:44:27,001 INFO SENT: rafa@bloomcontent.site → support@globalfitness.com | quick thing for Gfiwebmaster
2026-03-01 12:44:27,001 INFO SENT: rafa@bloomcontent.site → support@globalfitness.com | quick thing for Gfiwebmaster
2026-03-01 12:44:27,524 INFO Sleeping 24 minutes before next email...
2026-03-01 12:44:27,524 INFO Sleeping 24 minutes before next email...
2026-03-01 13:08:28,667 INFO SENT: rafa@bloomcontent.site → hello@1502candleco.com | quick thing for 1502 Candle Company
2026-03-01 13:08:28,667 INFO SENT: rafa@bloomcontent.site → hello@1502candleco.com | quick thing for 1502 Candle Company
2026-03-01 13:08:29,355 INFO Sleeping 15 minutes before next email...
2026-03-01 13:08:29,355 INFO Sleeping 15 minutes before next email...
2026-03-01 13:23:30,337 INFO SENT: rafa@bloomcontent.site → shop@lemlem.com | quick thing for Lemlem
2026-03-01 13:23:30,337 INFO SENT: rafa@bloomcontent.site → shop@lemlem.com | quick thing for Lemlem
2026-03-01 13:23:30,887 INFO Sleeping 17 minutes before next email...
2026-03-01 13:23:30,887 INFO Sleeping 17 minutes before next email...
2026-03-01 13:40:31,881 INFO SENT: rafa@bloomcontent.site → sales@apcoffeetea.com | quick thing for Apcoffeetea
2026-03-01 13:40:31,881 INFO SENT: rafa@bloomcontent.site → sales@apcoffeetea.com | quick thing for Apcoffeetea
2026-03-01 13:40:32,529 INFO Sleeping 19 minutes before next email...
2026-03-01 13:40:32,529 INFO Sleeping 19 minutes before next email...
2026-03-01 13:59:33,729 INFO SENT: rafa@bloomcontent.site → info@mclovinspet.com | quick thing for Mclovins Pet
2026-03-01 13:59:33,729 INFO SENT: rafa@bloomcontent.site → info@mclovinspet.com | quick thing for Mclovins Pet
2026-03-01 13:59:34,365 INFO Sleeping 21 minutes before next email...
2026-03-01 13:59:34,365 INFO Sleeping 21 minutes before next email...
2026-03-01 14:20:35,523 INFO SENT: rafa@bloomcontent.site → sales@gracehomedecor.com | quick thing for Gracehomedecor
2026-03-01 14:20:35,523 INFO SENT: rafa@bloomcontent.site → sales@gracehomedecor.com | quick thing for Gracehomedecor
2026-03-01 14:20:36,166 INFO Sleeping 17 minutes before next email...
2026-03-01 14:20:36,166 INFO Sleeping 17 minutes before next email...
2026-03-01 14:37:37,300 INFO SENT: rafa@bloomcontent.site → kjewelrya@gmail.com | quick thing for Kjewelryaccessories
2026-03-01 14:37:37,300 INFO SENT: rafa@bloomcontent.site → kjewelrya@gmail.com | quick thing for Kjewelryaccessories
2026-03-01 14:37:37,839 INFO Sleeping 23 minutes before next email...
2026-03-01 14:37:37,839 INFO Sleeping 23 minutes before next email...
2026-03-01 15:00:38,926 INFO SENT: rafa@bloomcontent.site → sales@chefstoys.com | quick thing for Chefstoys Shop
2026-03-01 15:00:38,926 INFO SENT: rafa@bloomcontent.site → sales@chefstoys.com | quick thing for Chefstoys Shop
2026-03-01 15:00:39,536 INFO Sleeping 19 minutes before next email...
2026-03-01 15:00:39,536 INFO Sleeping 19 minutes before next email...
2026-03-01 15:19:40,345 INFO SENT: rafa@bloomcontent.site → trade-in@fitnessexchange.com | quick thing for Fitnessexchange
2026-03-01 15:19:40,345 INFO SENT: rafa@bloomcontent.site → trade-in@fitnessexchange.com | quick thing for Fitnessexchange
2026-03-01 15:19:41,020 INFO Sleeping 23 minutes before next email...
2026-03-01 15:19:41,020 INFO Sleeping 23 minutes before next email...
2026-03-01 15:42:42,247 INFO SENT: rafa@bloomcontent.site → support@ironbullstrength.com | quick thing for Ironbullstrengthdev
2026-03-01 15:42:42,247 INFO SENT: rafa@bloomcontent.site → support@ironbullstrength.com | quick thing for Ironbullstrengthdev
2026-03-01 15:42:42,921 INFO Sleeping 16 minutes before next email...
2026-03-01 15:42:42,921 INFO Sleeping 16 minutes before next email...
2026-03-01 15:58:43,737 INFO SENT: rafa@bloomcontent.site → sales@topfitness.com | quick thing for Topfitnessstore
2026-03-01 15:58:43,737 INFO SENT: rafa@bloomcontent.site → sales@topfitness.com | quick thing for Topfitnessstore
2026-03-01 15:58:44,399 INFO Sleeping 24 minutes before next email...
2026-03-01 15:58:44,399 INFO Sleeping 24 minutes before next email...
2026-03-01 16:22:45,299 INFO SENT: rafa@bloomcontent.site → contact@wullandoak.com | quick thing for Sustainablybb
2026-03-01 16:22:45,299 INFO SENT: rafa@bloomcontent.site → contact@wullandoak.com | quick thing for Sustainablybb
2026-03-01 16:22:46,020 INFO Sleeping 23 minutes before next email...
2026-03-01 16:22:46,020 INFO Sleeping 23 minutes before next email...
2026-03-01 16:45:47,253 INFO SENT: rafa@bloomcontent.site → outreach@keababies.com | quick thing for Keababies
2026-03-01 16:45:47,253 INFO SENT: rafa@bloomcontent.site → outreach@keababies.com | quick thing for Keababies
2026-03-01 16:45:47,942 INFO Sleeping 22 minutes before next email...
2026-03-01 16:45:47,942 INFO Sleeping 22 minutes before next email...
2026-03-01 17:07:48,975 INFO SENT: rafa@bloomcontent.site → name@domain.com | quick thing for Mustelausa Dev
2026-03-01 17:07:48,975 INFO SENT: rafa@bloomcontent.site → name@domain.com | quick thing for Mustelausa Dev
2026-03-01 17:07:49,703 INFO Sleeping 18 minutes before next email...
2026-03-01 17:07:49,703 INFO Sleeping 18 minutes before next email...
2026-03-01 17:25:50,835 INFO SENT: rafa@bloomcontent.site → info@papercliplife.com | quick thing for Papercliplife Com
2026-03-01 17:25:50,835 INFO SENT: rafa@bloomcontent.site → info@papercliplife.com | quick thing for Papercliplife Com
2026-03-01 17:25:51,451 INFO Account: matt@trybloomcontent.site | day limit: 5
2026-03-01 17:25:51,451 INFO Account: matt@trybloomcontent.site | day limit: 5
2026-03-01 17:25:52,768 INFO SENT: matt@trybloomcontent.site → sales@southernagriculture.com | quick thing for So Ag
2026-03-01 17:25:52,768 INFO SENT: matt@trybloomcontent.site → sales@southernagriculture.com | quick thing for So Ag
2026-03-01 17:25:53,285 INFO Sleeping 20 minutes before next email...
2026-03-01 17:25:53,285 INFO Sleeping 20 minutes before next email...
2026-03-01 17:45:54,212 INFO SENT: matt@trybloomcontent.site → press@hawkinsnewyork.com | quick thing for Hawkins New York
2026-03-01 17:45:54,212 INFO SENT: matt@trybloomcontent.site → press@hawkinsnewyork.com | quick thing for Hawkins New York
2026-03-01 17:45:54,911 INFO Sleeping 24 minutes before next email...
2026-03-01 17:45:54,911 INFO Sleeping 24 minutes before next email...
2026-03-01 18:09:55,804 INFO SENT: matt@trybloomcontent.site → customercare@farmhousewares.com | quick thing for Farmhouse Wares
2026-03-01 18:09:55,804 INFO SENT: matt@trybloomcontent.site → customercare@farmhousewares.com | quick thing for Farmhouse Wares
2026-03-01 18:09:56,497 INFO Sleeping 25 minutes before next email...
2026-03-01 18:09:56,497 INFO Sleeping 25 minutes before next email...
2026-03-01 18:34:57,599 INFO SENT: matt@trybloomcontent.site → debbie@debsjewelryshop.com | quick thing for Debbiesjewelryshop
2026-03-01 18:34:57,599 INFO SENT: matt@trybloomcontent.site → debbie@debsjewelryshop.com | quick thing for Debbiesjewelryshop
2026-03-01 18:34:58,287 INFO Sleeping 17 minutes before next email...
2026-03-01 18:34:58,287 INFO Sleeping 17 minutes before next email...
2026-03-01 18:51:59,259 INFO SENT: matt@trybloomcontent.site → info@prepara.com | quick thing for Prepara
2026-03-01 18:51:59,259 INFO SENT: matt@trybloomcontent.site → info@prepara.com | quick thing for Prepara
2026-03-01 18:51:59,933 INFO Account: rafa@trybloomcontent.site | day limit: 5
2026-03-01 18:51:59,933 INFO Account: rafa@trybloomcontent.site | day limit: 5
2026-03-01 18:52:01,041 INFO SENT: rafa@trybloomcontent.site → team@giantlifting.com | quick thing for Giant Lifting
2026-03-01 18:52:01,041 INFO SENT: rafa@trybloomcontent.site → team@giantlifting.com | quick thing for Giant Lifting
2026-03-01 18:52:01,616 INFO Sleeping 18 minutes before next email...
2026-03-01 18:52:01,616 INFO Sleeping 18 minutes before next email...
2026-03-01 19:10:02,715 INFO SENT: rafa@trybloomcontent.site → shadematch@westman-atelier.com | quick thing for Westman Atelier
2026-03-01 19:10:02,715 INFO SENT: rafa@trybloomcontent.site → shadematch@westman-atelier.com | quick thing for Westman Atelier
2026-03-01 19:10:03,315 INFO Sleeping 18 minutes before next email...
2026-03-01 19:10:03,315 INFO Sleeping 18 minutes before next email...
2026-03-01 19:28:04,178 INFO SENT: rafa@trybloomcontent.site → hello@drinkchapters.com | quick thing for Coffeeandytea
2026-03-01 19:28:04,178 INFO SENT: rafa@trybloomcontent.site → hello@drinkchapters.com | quick thing for Coffeeandytea
2026-03-01 19:28:04,811 INFO Sleeping 16 minutes before next email...
2026-03-01 19:28:04,811 INFO Sleeping 16 minutes before next email...
2026-03-01 19:44:06,256 INFO SENT: rafa@trybloomcontent.site → support@gist-apps.com | quick thing for Focusedcoffee
2026-03-01 19:44:06,256 INFO SENT: rafa@trybloomcontent.site → support@gist-apps.com | quick thing for Focusedcoffee
2026-03-01 19:44:06,987 INFO Sleeping 24 minutes before next email...
2026-03-01 19:44:06,987 INFO Sleeping 24 minutes before next email...
2026-03-01 20:08:08,450 INFO SENT: rafa@trybloomcontent.site → cs@bambibaby.com | quick thing for D45Dd1 1C
2026-03-01 20:08:08,450 INFO SENT: rafa@trybloomcontent.site → cs@bambibaby.com | quick thing for D45Dd1 1C
2026-03-01 20:08:09,163 INFO --- Processing follow-ups ---
2026-03-01 20:08:09,163 INFO --- Processing follow-ups ---
2026-03-01 20:08:09,164 INFO Checking for follow-ups on 2026-03-01
2026-03-01 20:08:09,164 INFO Checking for follow-ups on 2026-03-01
2026-03-01 20:08:09,385 INFO No leads need follow-up today
2026-03-01 20:08:09,385 INFO No leads need follow-up today
2026-03-01 20:08:09,385 INFO === Done ===
2026-03-01 20:08:09,385 INFO === Done ===
2026-03-02 08:00:01,979 INFO === Email Scheduler | 2026-03-02 ===
2026-03-02 08:00:01,979 INFO === Email Scheduler | 2026-03-02 ===
2026-03-02 08:00:01,979 INFO --- Processing cold emails ---
2026-03-02 08:00:01,979 INFO --- Processing cold emails ---
2026-03-02 08:00:02,320 INFO Account: matt.roberts@bloomcontent.site | day limit: 15
2026-03-02 08:00:02,320 INFO Account: matt.roberts@bloomcontent.site | day limit: 15
2026-03-02 08:00:03,544 INFO SENT: matt.roberts@bloomcontent.site → service@fairindigo.com | quick thing for Fairindigo
2026-03-02 08:00:03,544 INFO SENT: matt.roberts@bloomcontent.site → service@fairindigo.com | quick thing for Fairindigo
/root/.openclaw/workspace/contentbloom/email-scheduler.py:621: DeprecationWarning: datetime.datetime.utcnow() is deprecated and scheduled for removal in a future version. Use timezone-aware objects to represent datetimes in UTC: datetime.datetime.now(datetime.UTC).
  now_iso = datetime.utcnow().strftime("%Y-%m-%dT%H:%M:%SZ")
2026-03-02 08:00:04,032 INFO Sleeping 22 minutes before next email...
2026-03-02 08:00:04,032 INFO Sleeping 22 minutes before next email...
2026-03-02 08:22:04,863 INFO SENT: matt.roberts@bloomcontent.site → info@adorablebabyus.com | quick thing for Adorablebabyus
2026-03-02 08:22:04,863 INFO SENT: matt.roberts@bloomcontent.site → info@adorablebabyus.com | quick thing for Adorablebabyus
2026-03-02 08:22:05,432 INFO Sleeping 24 minutes before next email...
2026-03-02 08:22:05,432 INFO Sleeping 24 minutes before next email...
2026-03-02 08:46:06,082 INFO SENT: matt.roberts@bloomcontent.site → email@newsletter.com | quick thing for Theorganicskin
2026-03-02 08:46:06,082 INFO SENT: matt.roberts@bloomcontent.site → email@newsletter.com | quick thing for Theorganicskin
2026-03-02 08:46:06,633 INFO Sleeping 17 minutes before next email...
2026-03-02 08:46:06,633 INFO Sleeping 17 minutes before next email...
2026-03-02 09:03:08,174 INFO SENT: matt.roberts@bloomcontent.site → sales@luxebeauty.com | quick thing for Luxebeautycom
2026-03-02 09:03:08,174 INFO SENT: matt.roberts@bloomcontent.site → sales@luxebeauty.com | quick thing for Luxebeautycom
2026-03-02 09:03:08,828 INFO Sleeping 25 minutes before next email...
2026-03-02 09:03:08,828 INFO Sleeping 25 minutes before next email...
2026-03-02 09:28:09,659 INFO SENT: matt.roberts@bloomcontent.site → enes@vavenza.com | quick thing for Ornate Furniture
2026-03-02 09:28:09,659 INFO SENT: matt.roberts@bloomcontent.site → enes@vavenza.com | quick thing for Ornate Furniture
2026-03-02 09:28:10,265 INFO Sleeping 17 minutes before next email...
2026-03-02 09:28:10,265 INFO Sleeping 17 minutes before next email...
