NEW EMAIL: Rafa Romero <rafa@happyoperators.com> → matt.roberts@bloomcontent.site | Re: quick thing for Hapi
Telegram notified: Rafa Romero <rafa@happyoperators.com>
/root/.openclaw/workspace/contentbloom/check-inbox.py:147: DeprecationWarning: datetime.datetime.utcnow() is deprecated and scheduled for removal in a future version. Use timezone-aware objects to represent datetimes in UTC: datetime.datetime.now(datetime.UTC).
  print(f"[{datetime.utcnow().strftime('%H:%M UTC')}] No new emails")
[18:30 UTC] No new emails
/root/.openclaw/workspace/contentbloom/check-inbox.py:147: DeprecationWarning: datetime.datetime.utcnow() is deprecated and scheduled for removal in a future version. Use timezone-aware objects to represent datetimes in UTC: datetime.datetime.now(datetime.UTC).
  print(f"[{datetime.utcnow().strftime('%H:%M UTC')}] No new emails")
[19:00 UTC] No new emails
/root/.openclaw/workspace/contentbloom/check-inbox.py:147: DeprecationWarning: datetime.datetime.utcnow() is deprecated and scheduled for removal in a future version. Use timezone-aware objects to represent datetimes in UTC: datetime.datetime.now(datetime.UTC).
  print(f"[{datetime.utcnow().strftime('%H:%M UTC')}] No new emails")
[19:30 UTC] No new emails
/root/.openclaw/workspace/contentbloom/check-inbox.py:147: DeprecationWarning: datetime.datetime.utcnow() is deprecated and scheduled for removal in a future version. Use timezone-aware objects to represent datetimes in UTC: datetime.datetime.now(datetime.UTC).
  print(f"[{datetime.utcnow().strftime('%H:%M UTC')}] No new emails")
[20:00 UTC] No new emails
/root/.openclaw/workspace/contentbloom/check-inbox.py:147: DeprecationWarning: datetime.datetime.utcnow() is deprecated and scheduled for removal in a future version. Use timezone-aware objects to represent datetimes in UTC: datetime.datetime.now(datetime.UTC).
  print(f"[{datetime.utcnow().strftime('%H:%M UTC')}] No new emails")
[20:30 UTC] No new emails
/root/.openclaw/workspace/contentbloom/check-inbox.py:147: DeprecationWarning: datetime.datetime.utcnow() is deprecated and scheduled for removal in a future version. Use timezone-aware objects to represent datetimes in UTC: datetime.datetime.now(datetime.UTC).
  print(f"[{datetime.utcnow().strftime('%H:%M UTC')}] No new emails")
[21:00 UTC] No new emails
/root/.openclaw/workspace/contentbloom/check-inbox.py:147: DeprecationWarning: datetime.datetime.utcnow() is deprecated and scheduled for removal in a future version. Use timezone-aware objects to represent datetimes in UTC: datetime.datetime.now(datetime.UTC).
  print(f"[{datetime.utcnow().strftime('%H:%M UTC')}] No new emails")
[21:30 UTC] No new emails
/root/.openclaw/workspace/contentbloom/check-inbox.py:147: DeprecationWarning: datetime.datetime.utcnow() is deprecated and scheduled for removal in a future version. Use timezone-aware objects to represent datetimes in UTC: datetime.datetime.now(datetime.UTC).
  print(f"[{datetime.utcnow().strftime('%H:%M UTC')}] No new emails")
[22:00 UTC] No new emails
/root/.openclaw/workspace/contentbloom/check-inbox.py:147: DeprecationWarning: datetime.datetime.utcnow() is deprecated and scheduled for removal in a future version. Use timezone-aware objects to represent datetimes in UTC: datetime.datetime.now(datetime.UTC).
  print(f"[{datetime.utcnow().strftime('%H:%M UTC')}] No new emails")
[22:30 UTC] No new emails
/root/.openclaw/workspace/contentbloom/check-inbox.py:147: DeprecationWarning: datetime.datetime.utcnow() is deprecated and scheduled for removal in a future version. Use timezone-aware objects to represent datetimes in UTC: datetime.datetime.now(datetime.UTC).
  print(f"[{datetime.utcnow().strftime('%H:%M UTC')}] No new emails")
[23:00 UTC] No new emails
/root/.openclaw/workspace/contentbloom/check-inbox.py:147: DeprecationWarning: datetime.datetime.utcnow() is deprecated and scheduled for removal in a future version. Use timezone-aware objects to represent datetimes in UTC: datetime.datetime.now(datetime.UTC).
  print(f"[{datetime.utcnow().strftime('%H:%M UTC')}] No new emails")
[23:30 UTC] No new emails
/root/.openclaw/workspace/contentbloom/check-inbox.py:147: DeprecationWarning: datetime.datetime.utcnow() is deprecated and scheduled for removal in a future version. Use timezone-aware objects to represent datetimes in UTC: datetime.datetime.now(datetime.UTC).
  print(f"[{datetime.utcnow().strftime('%H:%M UTC')}] No new emails")
[00:00 UTC] No new emails
/root/.openclaw/workspace/contentbloom/check-inbox.py:147: DeprecationWarning: datetime.datetime.utcnow() is deprecated and scheduled for removal in a future version. Use timezone-aware objects to represent datetimes in UTC: datetime.datetime.now(datetime.UTC).
  print(f"[{datetime.utcnow().strftime('%H:%M UTC')}] No new emails")
[00:30 UTC] No new emails
/root/.openclaw/workspace/contentbloom/check-inbox.py:147: DeprecationWarning: datetime.datetime.utcnow() is deprecated and scheduled for removal in a future version. Use timezone-aware objects to represent datetimes in UTC: datetime.datetime.now(datetime.UTC).
  print(f"[{datetime.utcnow().strftime('%H:%M UTC')}] No new emails")
[01:00 UTC] No new emails
/root/.openclaw/workspace/contentbloom/check-inbox.py:147: DeprecationWarning: datetime.datetime.utcnow() is deprecated and scheduled for removal in a future version. Use timezone-aware objects to represent datetimes in UTC: datetime.datetime.now(datetime.UTC).
  print(f"[{datetime.utcnow().strftime('%H:%M UTC')}] No new emails")
[01:30 UTC] No new emails
/root/.openclaw/workspace/contentbloom/check-inbox.py:147: DeprecationWarning: datetime.datetime.utcnow() is deprecated and scheduled for removal in a future version. Use timezone-aware objects to represent datetimes in UTC: datetime.datetime.now(datetime.UTC).
  print(f"[{datetime.utcnow().strftime('%H:%M UTC')}] No new emails")
[02:00 UTC] No new emails
/root/.openclaw/workspace/contentbloom/check-inbox.py:147: DeprecationWarning: datetime.datetime.utcnow() is deprecated and scheduled for removal in a future version. Use timezone-aware objects to represent datetimes in UTC: datetime.datetime.now(datetime.UTC).
  print(f"[{datetime.utcnow().strftime('%H:%M UTC')}] No new emails")
[02:30 UTC] No new emails
/root/.openclaw/workspace/contentbloom/check-inbox.py:147: DeprecationWarning: datetime.datetime.utcnow() is deprecated and scheduled for removal in a future version. Use timezone-aware objects to represent datetimes in UTC: datetime.datetime.now(datetime.UTC).
  print(f"[{datetime.utcnow().strftime('%H:%M UTC')}] No new emails")
[03:00 UTC] No new emails
/root/.openclaw/workspace/contentbloom/check-inbox.py:147: DeprecationWarning: datetime.datetime.utcnow() is deprecated and scheduled for removal in a future version. Use timezone-aware objects to represent datetimes in UTC: datetime.datetime.now(datetime.UTC).
  print(f"[{datetime.utcnow().strftime('%H:%M UTC')}] No new emails")
[03:30 UTC] No new emails
/root/.openclaw/workspace/contentbloom/check-inbox.py:147: DeprecationWarning: datetime.datetime.utcnow() is deprecated and scheduled for removal in a future version. Use timezone-aware objects to represent datetimes in UTC: datetime.datetime.now(datetime.UTC).
  print(f"[{datetime.utcnow().strftime('%H:%M UTC')}] No new emails")
[04:00 UTC] No new emails
/root/.openclaw/workspace/contentbloom/check-inbox.py:147: DeprecationWarning: datetime.datetime.utcnow() is deprecated and scheduled for removal in a future version. Use timezone-aware objects to represent datetimes in UTC: datetime.datetime.now(datetime.UTC).
  print(f"[{datetime.utcnow().strftime('%H:%M UTC')}] No new emails")
[04:30 UTC] No new emails
/root/.openclaw/workspace/contentbloom/check-inbox.py:147: DeprecationWarning: datetime.datetime.utcnow() is deprecated and scheduled for removal in a future version. Use timezone-aware objects to represent datetimes in UTC: datetime.datetime.now(datetime.UTC).
  print(f"[{datetime.utcnow().strftime('%H:%M UTC')}] No new emails")
[05:00 UTC] No new emails
/root/.openclaw/workspace/contentbloom/check-inbox.py:147: DeprecationWarning: datetime.datetime.utcnow() is deprecated and scheduled for removal in a future version. Use timezone-aware objects to represent datetimes in UTC: datetime.datetime.now(datetime.UTC).
  print(f"[{datetime.utcnow().strftime('%H:%M UTC')}] No new emails")
[05:30 UTC] No new emails
/root/.openclaw/workspace/contentbloom/check-inbox.py:147: DeprecationWarning: datetime.datetime.utcnow() is deprecated and scheduled for removal in a future version. Use timezone-aware objects to represent datetimes in UTC: datetime.datetime.now(datetime.UTC).
  print(f"[{datetime.utcnow().strftime('%H:%M UTC')}] No new emails")
[06:00 UTC] No new emails
/root/.openclaw/workspace/contentbloom/check-inbox.py:147: DeprecationWarning: datetime.datetime.utcnow() is deprecated and scheduled for removal in a future version. Use timezone-aware objects to represent datetimes in UTC: datetime.datetime.now(datetime.UTC).
  print(f"[{datetime.utcnow().strftime('%H:%M UTC')}] No new emails")
[06:30 UTC] No new emails
/root/.openclaw/workspace/contentbloom/check-inbox.py:147: DeprecationWarning: datetime.datetime.utcnow() is deprecated and scheduled for removal in a future version. Use timezone-aware objects to represent datetimes in UTC: datetime.datetime.now(datetime.UTC).
  print(f"[{datetime.utcnow().strftime('%H:%M UTC')}] No new emails")
[07:00 UTC] No new emails
/root/.openclaw/workspace/contentbloom/check-inbox.py:147: DeprecationWarning: datetime.datetime.utcnow() is deprecated and scheduled for removal in a future version. Use timezone-aware objects to represent datetimes in UTC: datetime.datetime.now(datetime.UTC).
  print(f"[{datetime.utcnow().strftime('%H:%M UTC')}] No new emails")
[07:30 UTC] No new emails
/root/.openclaw/workspace/contentbloom/check-inbox.py:147: DeprecationWarning: datetime.datetime.utcnow() is deprecated and scheduled for removal in a future version. Use timezone-aware objects to represent datetimes in UTC: datetime.datetime.now(datetime.UTC).
  print(f"[{datetime.utcnow().strftime('%H:%M UTC')}] No new emails")
[08:00 UTC] No new emails
/root/.openclaw/workspace/contentbloom/check-inbox.py:147: DeprecationWarning: datetime.datetime.utcnow() is deprecated and scheduled for removal in a future version. Use timezone-aware objects to represent datetimes in UTC: datetime.datetime.now(datetime.UTC).
  print(f"[{datetime.utcnow().strftime('%H:%M UTC')}] No new emails")
[08:30 UTC] No new emails
